script: runBlockRead
date: 2018-05-08
iterations: 10
******************************

**********--- 0 ---***********
% time     seconds  usecs/call     calls    errors syscall
------ ----------- ----------- --------- --------- ----------------
 94.40    1.238721      176960         7           read
  5.58    0.073175       36588         2           munmap
  0.01    0.000073           4        18           mmap
  0.00    0.000047           4        12           mprotect
  0.00    0.000031           4         7           open
  0.00    0.000028           4         7         7 access
  0.00    0.000026           4         7           close
  0.00    0.000019           3         6           fstat
  0.00    0.000016          16         1           execve
  0.00    0.000003           1         3           brk
  0.00    0.000003           3         1           arch_prctl
  0.00    0.000000           0         3           lseek
  0.00    0.000000           0         2           rt_sigaction
  0.00    0.000000           0         1           rt_sigprocmask
  0.00    0.000000           0         1           getrlimit
  0.00    0.000000           0         2           futex
  0.00    0.000000           0         1           set_tid_address
  0.00    0.000000           0         1           set_robust_list
------ ----------- ----------- --------- --------- ----------------
100.00    1.312142                    82         7 total
**********--- 1 ---***********
% time     seconds  usecs/call     calls    errors syscall
------ ----------- ----------- --------- --------- ----------------
 94.63    1.306761      186680         7           read
  5.35    0.073896       36948         2           munmap
  0.00    0.000062           3        18           mmap
  0.00    0.000042           4        12           mprotect
  0.00    0.000029           4         7           open
  0.00    0.000018           3         7         7 access
  0.00    0.000016           2         7           close
  0.00    0.000008           1         6           fstat
  0.00    0.000004           1         3           lseek
  0.00    0.000004           1         3           brk
  0.00    0.000004           4         1           execve
  0.00    0.000004           2         2           futex
  0.00    0.000003           2         2           rt_sigaction
  0.00    0.000002           2         1           rt_sigprocmask
  0.00    0.000002           2         1           getrlimit
  0.00    0.000002           2         1           set_robust_list
  0.00    0.000001           1         1           arch_prctl
  0.00    0.000001           1         1           set_tid_address
------ ----------- ----------- --------- --------- ----------------
100.00    1.380859                    82         7 total
**********--- 2 ---***********
% time     seconds  usecs/call     calls    errors syscall
------ ----------- ----------- --------- --------- ----------------
 94.67    1.244942      177849         7           read
  5.32    0.069939       34970         2           munmap
  0.00    0.000054           3        18           mmap
  0.00    0.000037           5         7           open
  0.00    0.000032           5         7         7 access
  0.00    0.000025           4         7           close
  0.00    0.000025           2        12           mprotect
  0.00    0.000016           3         6           fstat
  0.00    0.000006           6         1           execve
  0.00    0.000004           1         3           brk
  0.00    0.000000           0         3           lseek
  0.00    0.000000           0         2           rt_sigaction
  0.00    0.000000           0         1           rt_sigprocmask
  0.00    0.000000           0         1           getrlimit
  0.00    0.000000           0         1           arch_prctl
  0.00    0.000000           0         2           futex
  0.00    0.000000           0         1           set_tid_address
  0.00    0.000000           0         1           set_robust_list
------ ----------- ----------- --------- --------- ----------------
100.00    1.315080                    82         7 total
**********--- 3 ---***********
% time     seconds  usecs/call     calls    errors syscall
------ ----------- ----------- --------- --------- ----------------
 94.41    1.247915      178274         7           read
  5.57    0.073674       36837         2           munmap
  0.00    0.000049           3        18           mmap
  0.00    0.000044           4        12           mprotect
  0.00    0.000031           4         7           open
  0.00    0.000020           3         7         7 access
  0.00    0.000015           2         7           close
  0.00    0.000010           2         6           fstat
  0.00    0.000006           2         3           brk
  0.00    0.000004           1         3           lseek
  0.00    0.000004           4         1           execve
  0.00    0.000004           2         2           futex
  0.00    0.000002           1         2           rt_sigaction
  0.00    0.000002           2         1           getrlimit
  0.00    0.000002           2         1           arch_prctl
  0.00    0.000002           2         1           set_robust_list
  0.00    0.000001           1         1           rt_sigprocmask
  0.00    0.000001           1         1           set_tid_address
------ ----------- ----------- --------- --------- ----------------
100.00    1.321786                    82         7 total
**********--- 4 ---***********
% time     seconds  usecs/call     calls    errors syscall
------ ----------- ----------- --------- --------- ----------------
 94.39    1.099824      157118         7           read
  5.59    0.065107       32554         2           munmap
  0.01    0.000061           3        18           mmap
  0.00    0.000052           4        12           mprotect
  0.00    0.000034           5         7           open
  0.00    0.000024           3         7         7 access
  0.00    0.000018           3         7           close
  0.00    0.000012           2         6           fstat
  0.00    0.000009           3         3           brk
  0.00    0.000006           6         1           execve
  0.00    0.000005           2         3           lseek
  0.00    0.000005           3         2           futex
  0.00    0.000003           2         2           rt_sigaction
  0.00    0.000002           2         1           rt_sigprocmask
  0.00    0.000002           2         1           getrlimit
  0.00    0.000002           2         1           arch_prctl
  0.00    0.000002           2         1           set_tid_address
  0.00    0.000002           2         1           set_robust_list
------ ----------- ----------- --------- --------- ----------------
100.00    1.165170                    82         7 total
**********--- 5 ---***********
% time     seconds  usecs/call     calls    errors syscall
------ ----------- ----------- --------- --------- ----------------
 95.22    1.247298      178185         7           read
  4.76    0.062311       31156         2           munmap
  0.01    0.000075           4        18           mmap
  0.00    0.000042           4        12           mprotect
  0.00    0.000037           5         7           open
  0.00    0.000036           5         7         7 access
  0.00    0.000029           4         7           close
  0.00    0.000022           4         6           fstat
  0.00    0.000006           6         1           execve
  0.00    0.000004           1         3           brk
  0.00    0.000003           3         1           arch_prctl
  0.00    0.000000           0         3           lseek
  0.00    0.000000           0         2           rt_sigaction
  0.00    0.000000           0         1           rt_sigprocmask
  0.00    0.000000           0         1           getrlimit
  0.00    0.000000           0         2           futex
  0.00    0.000000           0         1           set_tid_address
  0.00    0.000000           0         1           set_robust_list
------ ----------- ----------- --------- --------- ----------------
100.00    1.309863                    82         7 total
**********--- 6 ---***********
% time     seconds  usecs/call     calls    errors syscall
------ ----------- ----------- --------- --------- ----------------
 94.63    1.039801      148543         7           read
  5.36    0.058939       29470         2           munmap
  0.00    0.000012          12         1           execve
  0.00    0.000008           3         3           brk
  0.00    0.000000           0         7           open
  0.00    0.000000           0         7           close
  0.00    0.000000           0         6           fstat
  0.00    0.000000           0         3           lseek
  0.00    0.000000           0        18           mmap
  0.00    0.000000           0        12           mprotect
  0.00    0.000000           0         2           rt_sigaction
  0.00    0.000000           0         1           rt_sigprocmask
  0.00    0.000000           0         7         7 access
  0.00    0.000000           0         1           getrlimit
  0.00    0.000000           0         1           arch_prctl
  0.00    0.000000           0         2           futex
  0.00    0.000000           0         1           set_tid_address
  0.00    0.000000           0         1           set_robust_list
------ ----------- ----------- --------- --------- ----------------
100.00    1.098760                    82         7 total
**********--- 7 ---***********
% time     seconds  usecs/call     calls    errors syscall
------ ----------- ----------- --------- --------- ----------------
 94.22    1.140155      162879         7           read
  5.75    0.069599       34800         2           munmap
  0.01    0.000105           6        18           mmap
  0.01    0.000079           7        12           mprotect
  0.00    0.000050           7         7           open
  0.00    0.000032           5         7         7 access
  0.00    0.000025           4         6           fstat
  0.00    0.000023           3         7           close
  0.00    0.000009           3         3           lseek
  0.00    0.000008           3         3           brk
  0.00    0.000006           3         2           futex
  0.00    0.000005           3         2           rt_sigaction
  0.00    0.000004           4         1           getrlimit
  0.00    0.000003           3         1           execve
  0.00    0.000003           3         1           arch_prctl
  0.00    0.000003           3         1           set_tid_address
  0.00    0.000003           3         1           set_robust_list
  0.00    0.000001           1         1           rt_sigprocmask
------ ----------- ----------- --------- --------- ----------------
100.00    1.210113                    82         7 total
**********--- 8 ---***********
% time     seconds  usecs/call     calls    errors syscall
------ ----------- ----------- --------- --------- ----------------
 93.58    1.040120      148589         7           read
  6.38    0.070902       35451         2           munmap
  0.01    0.000112           6        18           mmap
  0.01    0.000087           7        12           mprotect
  0.01    0.000058           8         7           open
  0.00    0.000049           7         7         7 access
  0.00    0.000036           5         7           close
  0.00    0.000030           5         6           fstat
  0.00    0.000017           6         3           brk
  0.00    0.000011          11         1           execve
  0.00    0.000010           5         2           rt_sigaction
  0.00    0.000005           5         1           getrlimit
  0.00    0.000005           5         1           arch_prctl
  0.00    0.000005           5         1           set_tid_address
  0.00    0.000005           5         1           set_robust_list
  0.00    0.000004           4         1           rt_sigprocmask
  0.00    0.000000           0         3           lseek
  0.00    0.000000           0         2           futex
------ ----------- ----------- --------- --------- ----------------
100.00    1.111456                    82         7 total
**********--- 9 ---***********
% time     seconds  usecs/call     calls    errors syscall
------ ----------- ----------- --------- --------- ----------------
 94.91    1.159191      165599         7           read
  5.07    0.061969       30985         2           munmap
  0.00    0.000048           3        18           mmap
  0.00    0.000035           3        12           mprotect
  0.00    0.000026           4         7           open
  0.00    0.000015           2         7         7 access
  0.00    0.000013           2         7           close
  0.00    0.000007           1         6           fstat
  0.00    0.000005           2         3           brk
  0.00    0.000004           4         1           execve
  0.00    0.000003           1         3           lseek
  0.00    0.000003           2         2           futex
  0.00    0.000002           1         2           rt_sigaction
  0.00    0.000002           2         1           arch_prctl
  0.00    0.000001           1         1           rt_sigprocmask
  0.00    0.000001           1         1           getrlimit
  0.00    0.000001           1         1           set_tid_address
  0.00    0.000001           1         1           set_robust_list
------ ----------- ----------- --------- --------- ----------------
100.00    1.221327                    82         7 total

=============================

