script: runMmap
date: 2018-05-08
iterations: 10
******************************

**********--- 0 ---***********
% time     seconds  usecs/call     calls    errors syscall
------ ----------- ----------- --------- --------- ----------------
 70.60    0.088786        4933        18           mmap
 29.27    0.036808       18404         2           munmap
  0.04    0.000048           4        12           mprotect
  0.03    0.000034           5         7           open
  0.02    0.000022           3         7         7 access
  0.01    0.000013           3         5           read
  0.01    0.000011           2         7           fstat
  0.01    0.000009           1         7           close
  0.00    0.000005           2         3           brk
  0.00    0.000004           4         1           execve
  0.00    0.000004           2         2           futex
  0.00    0.000002           1         2           rt_sigaction
  0.00    0.000002           2         1           set_tid_address
  0.00    0.000001           1         1           rt_sigprocmask
  0.00    0.000001           1         1           getrlimit
  0.00    0.000001           1         1           arch_prctl
  0.00    0.000001           1         1           set_robust_list
------ ----------- ----------- --------- --------- ----------------
100.00    0.125752                    78         7 total
**********--- 1 ---***********
% time     seconds  usecs/call     calls    errors syscall
------ ----------- ----------- --------- --------- ----------------
 67.23    0.079917        4440        18           mmap
 32.62    0.038769       19385         2           munmap
  0.04    0.000053           4        12           mprotect
  0.03    0.000032           5         7           open
  0.02    0.000022           3         7         7 access
  0.02    0.000020           4         5           read
  0.01    0.000013           2         7           fstat
  0.01    0.000012           2         7           close
  0.01    0.000007           7         1           execve
  0.01    0.000006           2         3           brk
  0.00    0.000005           3         2           futex
  0.00    0.000002           1         2           rt_sigaction
  0.00    0.000002           2         1           getrlimit
  0.00    0.000001           1         1           rt_sigprocmask
  0.00    0.000001           1         1           arch_prctl
  0.00    0.000001           1         1           set_tid_address
  0.00    0.000001           1         1           set_robust_list
------ ----------- ----------- --------- --------- ----------------
100.00    0.118864                    78         7 total
**********--- 2 ---***********
% time     seconds  usecs/call     calls    errors syscall
------ ----------- ----------- --------- --------- ----------------
 66.83    0.084682        4705        18           mmap
 33.06    0.041896       20948         2           munmap
  0.03    0.000039           3        12           mprotect
  0.02    0.000027           4         7           open
  0.01    0.000017           2         7         7 access
  0.01    0.000013           2         7           close
  0.01    0.000010           2         5           read
  0.01    0.000010           1         7           fstat
  0.00    0.000005           3         2           futex
  0.00    0.000004           1         3           brk
  0.00    0.000004           4         1           execve
  0.00    0.000002           1         2           rt_sigaction
  0.00    0.000002           2         1           set_robust_list
  0.00    0.000001           1         1           rt_sigprocmask
  0.00    0.000001           1         1           getrlimit
  0.00    0.000001           1         1           arch_prctl
  0.00    0.000001           1         1           set_tid_address
------ ----------- ----------- --------- --------- ----------------
100.00    0.126715                    78         7 total
**********--- 3 ---***********
% time     seconds  usecs/call     calls    errors syscall
------ ----------- ----------- --------- --------- ----------------
 67.21    0.086613        4812        18           mmap
 32.63    0.042057       21029         2           munmap
  0.03    0.000045           4        12           mprotect
  0.03    0.000037           5         7           open
  0.03    0.000033           5         7           close
  0.02    0.000030           4         7         7 access
  0.02    0.000022           3         7           fstat
  0.02    0.000020           4         5           read
  0.00    0.000006           6         1           execve
  0.00    0.000004           1         3           brk
  0.00    0.000004           4         1           arch_prctl
  0.00    0.000000           0         2           rt_sigaction
  0.00    0.000000           0         1           rt_sigprocmask
  0.00    0.000000           0         1           getrlimit
  0.00    0.000000           0         2           futex
  0.00    0.000000           0         1           set_tid_address
  0.00    0.000000           0         1           set_robust_list
------ ----------- ----------- --------- --------- ----------------
100.00    0.128871                    78         7 total
**********--- 4 ---***********
% time     seconds  usecs/call     calls    errors syscall
------ ----------- ----------- --------- --------- ----------------
 69.33    0.082948        4608        18           mmap
 30.53    0.036531       18266         2           munmap
  0.04    0.000046           4        12           mprotect
  0.03    0.000036           5         7           open
  0.02    0.000023           3         7         7 access
  0.01    0.000012           2         5           read
  0.01    0.000012           2         7           close
  0.01    0.000011           2         7           fstat
  0.01    0.000009           9         1           execve
  0.01    0.000008           3         3           brk
  0.00    0.000004           2         2           futex
  0.00    0.000002           1         2           rt_sigaction
  0.00    0.000002           2         1           getrlimit
  0.00    0.000002           2         1           set_tid_address
  0.00    0.000001           1         1           rt_sigprocmask
  0.00    0.000001           1         1           arch_prctl
  0.00    0.000001           1         1           set_robust_list
------ ----------- ----------- --------- --------- ----------------
100.00    0.119649                    78         7 total
**********--- 5 ---***********
% time     seconds  usecs/call     calls    errors syscall
------ ----------- ----------- --------- --------- ----------------
 67.47    0.078721        4373        18           mmap
 32.38    0.037784       18892         2           munmap
  0.03    0.000040           3        12           mprotect
  0.03    0.000038           5         7           open
  0.02    0.000022           4         5           read
  0.02    0.000020           3         7         7 access
  0.01    0.000016           2         7           close
  0.01    0.000012           2         7           fstat
  0.01    0.000006           2         3           brk
  0.00    0.000004           2         2           futex
  0.00    0.000003           3         1           execve
  0.00    0.000002           1         2           rt_sigaction
  0.00    0.000002           2         1           rt_sigprocmask
  0.00    0.000002           2         1           getrlimit
  0.00    0.000002           2         1           arch_prctl
  0.00    0.000001           1         1           set_tid_address
  0.00    0.000001           1         1           set_robust_list
------ ----------- ----------- --------- --------- ----------------
100.00    0.116676                    78         7 total
**********--- 6 ---***********
% time     seconds  usecs/call     calls    errors syscall
------ ----------- ----------- --------- --------- ----------------
 69.62    0.080898        4494        18           mmap
 30.23    0.035127       17564         2           munmap
  0.04    0.000046           4        12           mprotect
  0.03    0.000031           4         7           open
  0.02    0.000029           4         7         7 access
  0.01    0.000015           2         7           close
  0.01    0.000013           2         7           fstat
  0.01    0.000012           2         5           read
  0.01    0.000006           2         3           brk
  0.00    0.000005           5         1           execve
  0.00    0.000004           2         2           futex
  0.00    0.000003           2         2           rt_sigaction
  0.00    0.000002           2         1           getrlimit
  0.00    0.000002           2         1           arch_prctl
  0.00    0.000002           2         1           set_robust_list
  0.00    0.000001           1         1           rt_sigprocmask
  0.00    0.000001           1         1           set_tid_address
------ ----------- ----------- --------- --------- ----------------
100.00    0.116197                    78         7 total
**********--- 7 ---***********
% time     seconds  usecs/call     calls    errors syscall
------ ----------- ----------- --------- --------- ----------------
 67.43    0.077930        4329        18           mmap
 32.47    0.037523       18762         2           munmap
  0.03    0.000032           3        12           mprotect
  0.02    0.000023           3         7           open
  0.02    0.000019           3         7         7 access
  0.01    0.000010           1         7           close
  0.01    0.000008           2         5           read
  0.01    0.000006           1         7           fstat
  0.00    0.000003           1         3           brk
  0.00    0.000003           3         1           execve
  0.00    0.000003           2         2           futex
  0.00    0.000002           1         2           rt_sigaction
  0.00    0.000001           1         1           getrlimit
  0.00    0.000001           1         1           arch_prctl
  0.00    0.000001           1         1           set_tid_address
  0.00    0.000001           1         1           set_robust_list
  0.00    0.000000           0         1           rt_sigprocmask
------ ----------- ----------- --------- --------- ----------------
100.00    0.115566                    78         7 total
**********--- 8 ---***********
% time     seconds  usecs/call     calls    errors syscall
------ ----------- ----------- --------- --------- ----------------
 69.70    0.081257        4514        18           mmap
 30.19    0.035199       17600         2           munmap
  0.03    0.000040           3        12           mprotect
  0.02    0.000026           4         7           open
  0.01    0.000015           2         7         7 access
  0.01    0.000011           2         5           read
  0.01    0.000011           2         7           close
  0.01    0.000010           1         7           fstat
  0.01    0.000006           2         3           brk
  0.00    0.000004           4         1           execve
  0.00    0.000003           2         2           futex
  0.00    0.000002           1         2           rt_sigaction
  0.00    0.000001           1         1           rt_sigprocmask
  0.00    0.000001           1         1           getrlimit
  0.00    0.000001           1         1           arch_prctl
  0.00    0.000001           1         1           set_tid_address
  0.00    0.000001           1         1           set_robust_list
------ ----------- ----------- --------- --------- ----------------
100.00    0.116589                    78         7 total
**********--- 9 ---***********
% time     seconds  usecs/call     calls    errors syscall
------ ----------- ----------- --------- --------- ----------------
 69.19    0.081845        4547        18           mmap
 30.64    0.036244       18122         2           munmap
  0.04    0.000043           4        12           mprotect
  0.03    0.000032           5         7           open
  0.03    0.000032           5         7         7 access
  0.02    0.000026           4         7           close
  0.02    0.000020           4         5           read
  0.02    0.000020           3         7           fstat
  0.01    0.000015          15         1           execve
  0.00    0.000003           1         3           brk
  0.00    0.000003           3         1           arch_prctl
  0.00    0.000000           0         2           rt_sigaction
  0.00    0.000000           0         1           rt_sigprocmask
  0.00    0.000000           0         1           getrlimit
  0.00    0.000000           0         2           futex
  0.00    0.000000           0         1           set_tid_address
  0.00    0.000000           0         1           set_robust_list
------ ----------- ----------- --------- --------- ----------------
100.00    0.118283                    78         7 total

=============================

