script: runBlockRead
date: 2018-05-08
iterations: 10
******************************

**********--- 0 ---***********
% time     seconds  usecs/call     calls    errors syscall
------ ----------- ----------- --------- --------- ----------------
 94.15    0.571073       95179         6           read
  5.82    0.035296       17648         2           munmap
  0.01    0.000057           3        18           mmap
  0.01    0.000043           4        12           mprotect
  0.01    0.000031           4         7           open
  0.00    0.000021           3         7         7 access
  0.00    0.000015           2         7           close
  0.00    0.000008           1         6           fstat
  0.00    0.000005           2         3           brk
  0.00    0.000005           3         2           futex
  0.00    0.000004           4         1           execve
  0.00    0.000003           1         3           lseek
  0.00    0.000003           2         2           rt_sigaction
  0.00    0.000002           2         1           rt_sigprocmask
  0.00    0.000002           2         1           getrlimit
  0.00    0.000002           2         1           arch_prctl
  0.00    0.000001           1         1           set_tid_address
  0.00    0.000001           1         1           set_robust_list
------ ----------- ----------- --------- --------- ----------------
100.00    0.606572                    81         7 total
**********--- 1 ---***********
% time     seconds  usecs/call     calls    errors syscall
------ ----------- ----------- --------- --------- ----------------
 94.71    0.570132       95022         6           read
  5.24    0.031553       15777         2           munmap
  0.01    0.000073           4        18           mmap
  0.01    0.000054           5        12           mprotect
  0.01    0.000043           6         7           open
  0.01    0.000035           5         7         7 access
  0.00    0.000019           3         7           close
  0.00    0.000015           3         6           fstat
  0.00    0.000011           4         3           brk
  0.00    0.000008           8         1           execve
  0.00    0.000006           2         3           lseek
  0.00    0.000004           2         2           rt_sigaction
  0.00    0.000004           2         2           futex
  0.00    0.000002           2         1           rt_sigprocmask
  0.00    0.000002           2         1           getrlimit
  0.00    0.000002           2         1           arch_prctl
  0.00    0.000002           2         1           set_tid_address
  0.00    0.000002           2         1           set_robust_list
------ ----------- ----------- --------- --------- ----------------
100.00    0.601967                    81         7 total
**********--- 2 ---***********
% time     seconds  usecs/call     calls    errors syscall
------ ----------- ----------- --------- --------- ----------------
 94.43    0.674107      112351         6           read
  5.55    0.039602       19801         2           munmap
  0.01    0.000049           3        18           mmap
  0.01    0.000040           3        12           mprotect
  0.00    0.000029           4         7           open
  0.00    0.000016           2         7         7 access
  0.00    0.000014           2         7           close
  0.00    0.000008           1         6           fstat
  0.00    0.000005           3         2           futex
  0.00    0.000004           1         3           lseek
  0.00    0.000004           1         3           brk
  0.00    0.000004           4         1           execve
  0.00    0.000002           1         2           rt_sigaction
  0.00    0.000002           2         1           set_robust_list
  0.00    0.000001           1         1           rt_sigprocmask
  0.00    0.000001           1         1           getrlimit
  0.00    0.000001           1         1           arch_prctl
  0.00    0.000001           1         1           set_tid_address
------ ----------- ----------- --------- --------- ----------------
100.00    0.713890                    81         7 total
**********--- 3 ---***********
% time     seconds  usecs/call     calls    errors syscall
------ ----------- ----------- --------- --------- ----------------
 94.52    0.557967       92995         6           read
  5.44    0.032088       16044         2           munmap
  0.01    0.000068           4        18           mmap
  0.01    0.000060           5        12           mprotect
  0.01    0.000042           6         7           open
  0.00    0.000026           4         7         7 access
  0.00    0.000020           3         7           close
  0.00    0.000014           2         6           fstat
  0.00    0.000009           3         3           brk
  0.00    0.000006           2         3           lseek
  0.00    0.000006           3         2           futex
  0.00    0.000005           5         1           execve
  0.00    0.000004           2         2           rt_sigaction
  0.00    0.000003           3         1           getrlimit
  0.00    0.000002           2         1           rt_sigprocmask
  0.00    0.000002           2         1           arch_prctl
  0.00    0.000002           2         1           set_tid_address
  0.00    0.000002           2         1           set_robust_list
------ ----------- ----------- --------- --------- ----------------
100.00    0.590326                    81         7 total
**********--- 4 ---***********
% time     seconds  usecs/call     calls    errors syscall
------ ----------- ----------- --------- --------- ----------------
 95.19    0.640015      106669         6           read
  4.78    0.032149       16075         2           munmap
  0.01    0.000047           3        18           mmap
  0.01    0.000038           3        12           mprotect
  0.00    0.000029           4         7           open
  0.00    0.000016           2         7           close
  0.00    0.000015           2         7         7 access
  0.00    0.000006           1         6           fstat
  0.00    0.000005           2         3           brk
  0.00    0.000005           3         2           futex
  0.00    0.000004           1         3           lseek
  0.00    0.000003           3         1           execve
  0.00    0.000002           1         2           rt_sigaction
  0.00    0.000002           2         1           rt_sigprocmask
  0.00    0.000001           1         1           getrlimit
  0.00    0.000001           1         1           arch_prctl
  0.00    0.000001           1         1           set_tid_address
  0.00    0.000001           1         1           set_robust_list
------ ----------- ----------- --------- --------- ----------------
100.00    0.672340                    81         7 total
**********--- 5 ---***********
% time     seconds  usecs/call     calls    errors syscall
------ ----------- ----------- --------- --------- ----------------
 94.81    0.577530       96255         6           read
  5.16    0.031404       15702         2           munmap
  0.01    0.000067           4        18           mmap
  0.01    0.000043           4        12           mprotect
  0.01    0.000034           5         7           open
  0.00    0.000020           3         7         7 access
  0.00    0.000011           2         7           close
  0.00    0.000006           1         6           fstat
  0.00    0.000006           2         3           brk
  0.00    0.000005           2         3           lseek
  0.00    0.000004           4         1           execve
  0.00    0.000004           2         2           futex
  0.00    0.000002           1         2           rt_sigaction
  0.00    0.000002           2         1           getrlimit
  0.00    0.000001           1         1           rt_sigprocmask
  0.00    0.000001           1         1           arch_prctl
  0.00    0.000001           1         1           set_tid_address
  0.00    0.000001           1         1           set_robust_list
------ ----------- ----------- --------- --------- ----------------
100.00    0.609142                    81         7 total
**********--- 6 ---***********
% time     seconds  usecs/call     calls    errors syscall
------ ----------- ----------- --------- --------- ----------------
 94.14    0.672375      112063         6           read
  5.84    0.041702       20851         2           munmap
  0.01    0.000049           3        18           mmap
  0.01    0.000038           3        12           mprotect
  0.00    0.000030           4         7           open
  0.00    0.000017           2         7           close
  0.00    0.000016           2         7         7 access
  0.00    0.000008           1         6           fstat
  0.00    0.000006           2         3           brk
  0.00    0.000004           1         3           lseek
  0.00    0.000004           2         2           futex
  0.00    0.000003           3         1           execve
  0.00    0.000002           1         2           rt_sigaction
  0.00    0.000002           2         1           rt_sigprocmask
  0.00    0.000002           2         1           getrlimit
  0.00    0.000001           1         1           arch_prctl
  0.00    0.000001           1         1           set_tid_address
  0.00    0.000001           1         1           set_robust_list
------ ----------- ----------- --------- --------- ----------------
100.00    0.714261                    81         7 total
**********--- 7 ---***********
% time     seconds  usecs/call     calls    errors syscall
------ ----------- ----------- --------- --------- ----------------
 93.96    0.544425       90738         6           read
  5.98    0.034647       17324         2           munmap
  0.02    0.000088           5        18           mmap
  0.01    0.000066           6        12           mprotect
  0.01    0.000046           7         7           open
  0.01    0.000029           4         7         7 access
  0.00    0.000023           3         7           close
  0.00    0.000019           3         6           fstat
  0.00    0.000019          19         1           execve
  0.00    0.000011           4         3           brk
  0.00    0.000009           3         3           lseek
  0.00    0.000007           4         2           futex
  0.00    0.000006           3         2           rt_sigaction
  0.00    0.000004           4         1           getrlimit
  0.00    0.000003           3         1           rt_sigprocmask
  0.00    0.000003           3         1           arch_prctl
  0.00    0.000003           3         1           set_tid_address
  0.00    0.000003           3         1           set_robust_list
------ ----------- ----------- --------- --------- ----------------
100.00    0.579411                    81         7 total
**********--- 8 ---***********
% time     seconds  usecs/call     calls    errors syscall
------ ----------- ----------- --------- --------- ----------------
 95.13    0.640795      106799         6           read
  4.85    0.032640       16320         2           munmap
  0.01    0.000046           3        18           mmap
  0.01    0.000039           3        12           mprotect
  0.00    0.000026           4         7           open
  0.00    0.000017           2         7           close
  0.00    0.000015           2         7         7 access
  0.00    0.000006           1         6           fstat
  0.00    0.000005           2         3           brk
  0.00    0.000004           1         3           lseek
  0.00    0.000004           4         1           execve
  0.00    0.000004           2         2           futex
  0.00    0.000002           1         2           rt_sigaction
  0.00    0.000002           2         1           getrlimit
  0.00    0.000001           1         1           rt_sigprocmask
  0.00    0.000001           1         1           arch_prctl
  0.00    0.000001           1         1           set_tid_address
  0.00    0.000001           1         1           set_robust_list
------ ----------- ----------- --------- --------- ----------------
100.00    0.673609                    81         7 total
**********--- 9 ---***********
% time     seconds  usecs/call     calls    errors syscall
------ ----------- ----------- --------- --------- ----------------
 95.18    0.643799      107300         6           read
  4.78    0.032328       16164         2           munmap
  0.01    0.000077           4        18           mmap
  0.01    0.000042           4        12           mprotect
  0.01    0.000034           5         7           open
  0.00    0.000032           5         7         7 access
  0.00    0.000029           4         7           close
  0.00    0.000021           4         6           fstat
  0.00    0.000005           5         1           execve
  0.00    0.000004           1         3           brk
  0.00    0.000003           3         1           arch_prctl
  0.00    0.000000           0         3           lseek
  0.00    0.000000           0         2           rt_sigaction
  0.00    0.000000           0         1           rt_sigprocmask
  0.00    0.000000           0         1           getrlimit
  0.00    0.000000           0         2           futex
  0.00    0.000000           0         1           set_tid_address
  0.00    0.000000           0         1           set_robust_list
------ ----------- ----------- --------- --------- ----------------
100.00    0.676374                    81         7 total

=============================

