script: runMmap
date: 2018-05-08
iterations: 10
******************************

**********--- 0 ---***********
% time     seconds  usecs/call     calls    errors syscall
------ ----------- ----------- --------- --------- ----------------
 67.07    0.066694        3705        18           mmap
 32.75    0.032563       16282         2           munmap
  0.05    0.000049           4        12           mprotect
  0.04    0.000038           5         7           open
  0.02    0.000018           3         7         7 access
  0.02    0.000015           8         2           futex
  0.01    0.000013           3         5           read
  0.01    0.000012           2         7           close
  0.01    0.000010           1         7           fstat
  0.01    0.000006           2         3           brk
  0.01    0.000005           5         1           execve
  0.00    0.000002           1         2           rt_sigaction
  0.00    0.000002           2         1           rt_sigprocmask
  0.00    0.000002           2         1           getrlimit
  0.00    0.000001           1         1           arch_prctl
  0.00    0.000001           1         1           set_tid_address
  0.00    0.000001           1         1           set_robust_list
------ ----------- ----------- --------- --------- ----------------
100.00    0.099432                    78         7 total
**********--- 1 ---***********
% time     seconds  usecs/call     calls    errors syscall
------ ----------- ----------- --------- --------- ----------------
 72.97    0.055902        3106        18           mmap
 26.90    0.020605       10303         2           munmap
  0.04    0.000033           3        12           mprotect
  0.03    0.000023           3         7           open
  0.01    0.000011           2         7         7 access
  0.01    0.000008           2         5           read
  0.01    0.000006           1         7           close
  0.01    0.000006           1         7           fstat
  0.00    0.000003           1         3           brk
  0.00    0.000003           3         1           execve
  0.00    0.000003           2         2           futex
  0.00    0.000002           1         2           rt_sigaction
  0.00    0.000001           1         1           rt_sigprocmask
  0.00    0.000001           1         1           getrlimit
  0.00    0.000001           1         1           arch_prctl
  0.00    0.000001           1         1           set_robust_list
  0.00    0.000000           0         1           set_tid_address
------ ----------- ----------- --------- --------- ----------------
100.00    0.076609                    78         7 total
**********--- 2 ---***********
% time     seconds  usecs/call     calls    errors syscall
------ ----------- ----------- --------- --------- ----------------
 72.63    0.054355        3020        18           mmap
 27.12    0.020297       10149         2           munmap
  0.06    0.000043           4        12           mprotect
  0.05    0.000035           5         7           open
  0.04    0.000030           4         7         7 access
  0.03    0.000024           3         7           close
  0.03    0.000022           3         7           fstat
  0.03    0.000020           4         5           read
  0.01    0.000006           6         1           execve
  0.01    0.000004           1         3           brk
  0.01    0.000004           4         1           arch_prctl
  0.00    0.000000           0         2           rt_sigaction
  0.00    0.000000           0         1           rt_sigprocmask
  0.00    0.000000           0         1           getrlimit
  0.00    0.000000           0         2           futex
  0.00    0.000000           0         1           set_tid_address
  0.00    0.000000           0         1           set_robust_list
------ ----------- ----------- --------- --------- ----------------
100.00    0.074840                    78         7 total
**********--- 3 ---***********
% time     seconds  usecs/call     calls    errors syscall
------ ----------- ----------- --------- --------- ----------------
 62.53    0.048733        2707        18           mmap
 37.29    0.029061       14531         2           munmap
  0.05    0.000039           3        12           mprotect
  0.03    0.000026           4         7           open
  0.03    0.000025           4         7         7 access
  0.02    0.000015           3         5           read
  0.02    0.000013           2         7           close
  0.01    0.000007           1         7           fstat
  0.01    0.000004           1         3           brk
  0.00    0.000003           3         1           execve
  0.00    0.000003           2         2           futex
  0.00    0.000002           1         2           rt_sigaction
  0.00    0.000002           2         1           rt_sigprocmask
  0.00    0.000002           2         1           set_tid_address
  0.00    0.000002           2         1           set_robust_list
  0.00    0.000001           1         1           getrlimit
  0.00    0.000001           1         1           arch_prctl
------ ----------- ----------- --------- --------- ----------------
100.00    0.077939                    78         7 total
**********--- 4 ---***********
% time     seconds  usecs/call     calls    errors syscall
------ ----------- ----------- --------- --------- ----------------
 71.70    0.047454        2636        18           mmap
 28.14    0.018623        9312         2           munmap
  0.05    0.000035           3        12           mprotect
  0.03    0.000023           3         7           open
  0.02    0.000013           2         7         7 access
  0.01    0.000007           1         5           read
  0.01    0.000007           1         7           close
  0.01    0.000006           1         7           fstat
  0.01    0.000004           1         3           brk
  0.01    0.000004           2         2           futex
  0.00    0.000003           3         1           execve
  0.00    0.000002           1         2           rt_sigaction
  0.00    0.000001           1         1           rt_sigprocmask
  0.00    0.000001           1         1           getrlimit
  0.00    0.000001           1         1           arch_prctl
  0.00    0.000001           1         1           set_tid_address
  0.00    0.000001           1         1           set_robust_list
------ ----------- ----------- --------- --------- ----------------
100.00    0.066186                    78         7 total
**********--- 5 ---***********
% time     seconds  usecs/call     calls    errors syscall
------ ----------- ----------- --------- --------- ----------------
 58.72    0.046354        2575        18           mmap
 41.12    0.032461       16231         2           munmap
  0.04    0.000035           3        12           mprotect
  0.03    0.000023           3         7           open
  0.02    0.000015          15         1           execve
  0.02    0.000012           2         7         7 access
  0.01    0.000011           2         7           close
  0.01    0.000007           1         5           read
  0.01    0.000005           1         7           fstat
  0.01    0.000004           1         3           brk
  0.01    0.000004           2         2           futex
  0.00    0.000002           1         2           rt_sigaction
  0.00    0.000001           1         1           rt_sigprocmask
  0.00    0.000001           1         1           getrlimit
  0.00    0.000001           1         1           arch_prctl
  0.00    0.000001           1         1           set_tid_address
  0.00    0.000001           1         1           set_robust_list
------ ----------- ----------- --------- --------- ----------------
100.00    0.078938                    78         7 total
**********--- 6 ---***********
% time     seconds  usecs/call     calls    errors syscall
------ ----------- ----------- --------- --------- ----------------
 63.91    0.050805        2823        18           mmap
 35.92    0.028557       14279         2           munmap
  0.05    0.000041           3        12           mprotect
  0.04    0.000028           4         7           open
  0.02    0.000014           2         7         7 access
  0.02    0.000012           2         7           close
  0.02    0.000012           2         7           fstat
  0.01    0.000010           2         5           read
  0.01    0.000005           2         3           brk
  0.00    0.000003           2         2           rt_sigaction
  0.00    0.000003           3         1           execve
  0.00    0.000003           2         2           futex
  0.00    0.000002           2         1           rt_sigprocmask
  0.00    0.000002           2         1           getrlimit
  0.00    0.000001           1         1           arch_prctl
  0.00    0.000001           1         1           set_tid_address
  0.00    0.000001           1         1           set_robust_list
------ ----------- ----------- --------- --------- ----------------
100.00    0.079500                    78         7 total
**********--- 7 ---***********
% time     seconds  usecs/call     calls    errors syscall
------ ----------- ----------- --------- --------- ----------------
 71.66    0.054824        3046        18           mmap
 28.18    0.021557       10779         2           munmap
  0.05    0.000036           3        12           mprotect
  0.03    0.000025           4         7           open
  0.02    0.000015           2         7         7 access
  0.01    0.000010           1         7           close
  0.01    0.000009           2         5           read
  0.01    0.000009           1         7           fstat
  0.01    0.000005           2         3           brk
  0.01    0.000004           4         1           execve
  0.01    0.000004           2         2           futex
  0.00    0.000002           1         2           rt_sigaction
  0.00    0.000001           1         1           rt_sigprocmask
  0.00    0.000001           1         1           getrlimit
  0.00    0.000001           1         1           arch_prctl
  0.00    0.000001           1         1           set_tid_address
  0.00    0.000001           1         1           set_robust_list
------ ----------- ----------- --------- --------- ----------------
100.00    0.076505                    78         7 total
**********--- 8 ---***********
% time     seconds  usecs/call     calls    errors syscall
------ ----------- ----------- --------- --------- ----------------
 61.14    0.047243        2625        18           mmap
 38.66    0.029872       14936         2           munmap
  0.07    0.000051           4        12           mprotect
  0.04    0.000029           4         7           open
  0.02    0.000019           3         7         7 access
  0.02    0.000013           2         7           close
  0.01    0.000011           2         5           read
  0.01    0.000011           2         7           fstat
  0.01    0.000006           2         3           brk
  0.01    0.000004           4         1           execve
  0.01    0.000004           2         2           futex
  0.00    0.000003           2         2           rt_sigaction
  0.00    0.000002           2         1           getrlimit
  0.00    0.000002           2         1           set_tid_address
  0.00    0.000001           1         1           rt_sigprocmask
  0.00    0.000001           1         1           arch_prctl
  0.00    0.000001           1         1           set_robust_list
------ ----------- ----------- --------- --------- ----------------
100.00    0.077273                    78         7 total
**********--- 9 ---***********
% time     seconds  usecs/call     calls    errors syscall
------ ----------- ----------- --------- --------- ----------------
 63.39    0.053255        2959        18           mmap
 36.46    0.030635       15318         2           munmap
  0.04    0.000034           3        12           mprotect
  0.03    0.000026           4         7           open
  0.02    0.000016           2         7         7 access
  0.01    0.000011           2         7           close
  0.01    0.000011           2         7           fstat
  0.01    0.000010           2         5           read
  0.01    0.000006           2         3           brk
  0.00    0.000003           3         1           execve
  0.00    0.000003           2         2           futex
  0.00    0.000002           1         2           rt_sigaction
  0.00    0.000001           1         1           rt_sigprocmask
  0.00    0.000001           1         1           getrlimit
  0.00    0.000001           1         1           arch_prctl
  0.00    0.000001           1         1           set_tid_address
  0.00    0.000001           1         1           set_robust_list
------ ----------- ----------- --------- --------- ----------------
100.00    0.084017                    78         7 total

=============================

