script: runBlockRead
date: 2018-05-08
iterations: 10
******************************

**********--- 0 ---***********
% time     seconds  usecs/call     calls    errors syscall
------ ----------- ----------- --------- --------- ----------------
 98.44    1.254482      179212         7           read
  1.56    0.019917        9959         2           munmap
  0.00    0.000008           1         7           close
  0.00    0.000000           0         7         7 faccessat
  0.00    0.000000           0         7           openat
  0.00    0.000000           0         3           lseek
  0.00    0.000000           0         6           fstat
  0.00    0.000000           0         1           set_tid_address
  0.00    0.000000           0         2           futex
  0.00    0.000000           0         1           set_robust_list
  0.00    0.000000           0         2           rt_sigaction
  0.00    0.000000           0         1           rt_sigprocmask
  0.00    0.000000           0         1           getrlimit
  0.00    0.000000           0         3           brk
  0.00    0.000000           0         1           execve
  0.00    0.000000           0        14           mmap
  0.00    0.000000           0         1           mprotect
------ ----------- ----------- --------- --------- ----------------
100.00    1.274407                    66         7 total
**********--- 1 ---***********
% time     seconds  usecs/call     calls    errors syscall
------ ----------- ----------- --------- --------- ----------------
 98.49    1.250159      178594         7           read
  1.51    0.019169        9585         2           munmap
  0.00    0.000009           1         7           close
  0.00    0.000000           0         7         7 faccessat
  0.00    0.000000           0         7           openat
  0.00    0.000000           0         3           lseek
  0.00    0.000000           0         6           fstat
  0.00    0.000000           0         1           set_tid_address
  0.00    0.000000           0         2           futex
  0.00    0.000000           0         1           set_robust_list
  0.00    0.000000           0         2           rt_sigaction
  0.00    0.000000           0         1           rt_sigprocmask
  0.00    0.000000           0         1           getrlimit
  0.00    0.000000           0         3           brk
  0.00    0.000000           0         1           execve
  0.00    0.000000           0        14           mmap
  0.00    0.000000           0         1           mprotect
------ ----------- ----------- --------- --------- ----------------
100.00    1.269337                    66         7 total
**********--- 2 ---***********
% time     seconds  usecs/call     calls    errors syscall
------ ----------- ----------- --------- --------- ----------------
 98.47    1.248192      178313         7           read
  1.51    0.019167        9584         2           munmap
  0.01    0.000094           7        14           mmap
  0.00    0.000062           9         7           openat
  0.00    0.000054           8         7         7 faccessat
  0.00    0.000020           3         7           close
  0.00    0.000015           3         6           fstat
  0.00    0.000008           4         2           futex
  0.00    0.000008           3         3           brk
  0.00    0.000007           7         1           mprotect
  0.00    0.000005           2         3           lseek
  0.00    0.000004           2         2           rt_sigaction
  0.00    0.000004           4         1           execve
  0.00    0.000002           2         1           set_tid_address
  0.00    0.000002           2         1           set_robust_list
  0.00    0.000002           2         1           getrlimit
  0.00    0.000001           1         1           rt_sigprocmask
------ ----------- ----------- --------- --------- ----------------
100.00    1.267647                    66         7 total
**********--- 3 ---***********
% time     seconds  usecs/call     calls    errors syscall
------ ----------- ----------- --------- --------- ----------------
 98.49    1.249959      178566         7           read
  1.51    0.019147        9574         2           munmap
  0.00    0.000008           1         7           close
  0.00    0.000000           0         7         7 faccessat
  0.00    0.000000           0         7           openat
  0.00    0.000000           0         3           lseek
  0.00    0.000000           0         6           fstat
  0.00    0.000000           0         1           set_tid_address
  0.00    0.000000           0         2           futex
  0.00    0.000000           0         1           set_robust_list
  0.00    0.000000           0         2           rt_sigaction
  0.00    0.000000           0         1           rt_sigprocmask
  0.00    0.000000           0         1           getrlimit
  0.00    0.000000           0         3           brk
  0.00    0.000000           0         1           execve
  0.00    0.000000           0        14           mmap
  0.00    0.000000           0         1           mprotect
------ ----------- ----------- --------- --------- ----------------
100.00    1.269114                    66         7 total
**********--- 4 ---***********
% time     seconds  usecs/call     calls    errors syscall
------ ----------- ----------- --------- --------- ----------------
 98.50    1.247907      178272         7           read
  1.50    0.018965        9483         2           munmap
  0.00    0.000007           1         7           close
  0.00    0.000000           0         7         7 faccessat
  0.00    0.000000           0         7           openat
  0.00    0.000000           0         3           lseek
  0.00    0.000000           0         6           fstat
  0.00    0.000000           0         1           set_tid_address
  0.00    0.000000           0         2           futex
  0.00    0.000000           0         1           set_robust_list
  0.00    0.000000           0         2           rt_sigaction
  0.00    0.000000           0         1           rt_sigprocmask
  0.00    0.000000           0         1           getrlimit
  0.00    0.000000           0         3           brk
  0.00    0.000000           0         1           execve
  0.00    0.000000           0        14           mmap
  0.00    0.000000           0         1           mprotect
------ ----------- ----------- --------- --------- ----------------
100.00    1.266879                    66         7 total
**********--- 5 ---***********
% time     seconds  usecs/call     calls    errors syscall
------ ----------- ----------- --------- --------- ----------------
 98.49    1.247594      178228         7           read
  1.51    0.019151        9576         2           munmap
  0.00    0.000008           1         7           close
  0.00    0.000000           0         7         7 faccessat
  0.00    0.000000           0         7           openat
  0.00    0.000000           0         3           lseek
  0.00    0.000000           0         6           fstat
  0.00    0.000000           0         1           set_tid_address
  0.00    0.000000           0         2           futex
  0.00    0.000000           0         1           set_robust_list
  0.00    0.000000           0         2           rt_sigaction
  0.00    0.000000           0         1           rt_sigprocmask
  0.00    0.000000           0         1           getrlimit
  0.00    0.000000           0         3           brk
  0.00    0.000000           0         1           execve
  0.00    0.000000           0        14           mmap
  0.00    0.000000           0         1           mprotect
------ ----------- ----------- --------- --------- ----------------
100.00    1.266753                    66         7 total
**********--- 6 ---***********
% time     seconds  usecs/call     calls    errors syscall
------ ----------- ----------- --------- --------- ----------------
 98.48    1.246567      178081         7           read
  1.51    0.019176        9588         2           munmap
  0.00    0.000008           1         7           close
  0.00    0.000000           0         7         7 faccessat
  0.00    0.000000           0         7           openat
  0.00    0.000000           0         3           lseek
  0.00    0.000000           0         6           fstat
  0.00    0.000000           0         1           set_tid_address
  0.00    0.000000           0         2           futex
  0.00    0.000000           0         1           set_robust_list
  0.00    0.000000           0         2           rt_sigaction
  0.00    0.000000           0         1           rt_sigprocmask
  0.00    0.000000           0         1           getrlimit
  0.00    0.000000           0         3           brk
  0.00    0.000000           0         1           execve
  0.00    0.000000           0        14           mmap
  0.00    0.000000           0         1           mprotect
------ ----------- ----------- --------- --------- ----------------
100.00    1.265751                    66         7 total
**********--- 7 ---***********
% time     seconds  usecs/call     calls    errors syscall
------ ----------- ----------- --------- --------- ----------------
 98.47    1.249542      178506         7           read
  1.52    0.019255        9628         2           munmap
  0.00    0.000031           2        14           mmap
  0.00    0.000015           2         7           openat
  0.00    0.000015           5         3           lseek
  0.00    0.000014           2         7           close
  0.00    0.000013           7         2           futex
  0.00    0.000013           4         3           brk
  0.00    0.000011          11         1           mprotect
  0.00    0.000010           5         2           rt_sigaction
  0.00    0.000008           1         6           fstat
  0.00    0.000005           5         1           set_tid_address
  0.00    0.000005           5         1           getrlimit
  0.00    0.000004           4         1           set_robust_list
  0.00    0.000004           4         1           rt_sigprocmask
  0.00    0.000000           0         7         7 faccessat
  0.00    0.000000           0         1           execve
------ ----------- ----------- --------- --------- ----------------
100.00    1.268945                    66         7 total
**********--- 8 ---***********
% time     seconds  usecs/call     calls    errors syscall
------ ----------- ----------- --------- --------- ----------------
 98.48    1.247478      178211         7           read
  1.52    0.019288        9644         2           munmap
  0.00    0.000008           1         7           close
  0.00    0.000000           0         7         7 faccessat
  0.00    0.000000           0         7           openat
  0.00    0.000000           0         3           lseek
  0.00    0.000000           0         6           fstat
  0.00    0.000000           0         1           set_tid_address
  0.00    0.000000           0         2           futex
  0.00    0.000000           0         1           set_robust_list
  0.00    0.000000           0         2           rt_sigaction
  0.00    0.000000           0         1           rt_sigprocmask
  0.00    0.000000           0         1           getrlimit
  0.00    0.000000           0         3           brk
  0.00    0.000000           0         1           execve
  0.00    0.000000           0        14           mmap
  0.00    0.000000           0         1           mprotect
------ ----------- ----------- --------- --------- ----------------
100.00    1.266774                    66         7 total
**********--- 9 ---***********
% time     seconds  usecs/call     calls    errors syscall
------ ----------- ----------- --------- --------- ----------------
 98.49    1.249531      178504         7           read
  1.51    0.019169        9585         2           munmap
  0.00    0.000008           1         7           close
  0.00    0.000000           0         7         7 faccessat
  0.00    0.000000           0         7           openat
  0.00    0.000000           0         3           lseek
  0.00    0.000000           0         6           fstat
  0.00    0.000000           0         1           set_tid_address
  0.00    0.000000           0         2           futex
  0.00    0.000000           0         1           set_robust_list
  0.00    0.000000           0         2           rt_sigaction
  0.00    0.000000           0         1           rt_sigprocmask
  0.00    0.000000           0         1           getrlimit
  0.00    0.000000           0         3           brk
  0.00    0.000000           0         1           execve
  0.00    0.000000           0        14           mmap
  0.00    0.000000           0         1           mprotect
------ ----------- ----------- --------- --------- ----------------
100.00    1.268708                    66         7 total

=============================

