script: runMmap
date: 2018-05-08
iterations: 10
******************************

**********--- 0 ---***********
% time     seconds  usecs/call     calls    errors syscall
------ ----------- ----------- --------- --------- ----------------
 76.94    0.018667        1333        14           mmap
 23.03    0.005588        2794         2           munmap
  0.03    0.000008           1         7           close
  0.00    0.000000           0         7         7 faccessat
  0.00    0.000000           0         7           openat
  0.00    0.000000           0         5           read
  0.00    0.000000           0         7           fstat
  0.00    0.000000           0         1           set_tid_address
  0.00    0.000000           0         2           futex
  0.00    0.000000           0         1           set_robust_list
  0.00    0.000000           0         2           rt_sigaction
  0.00    0.000000           0         1           rt_sigprocmask
  0.00    0.000000           0         1           getrlimit
  0.00    0.000000           0         3           brk
  0.00    0.000000           0         1           execve
  0.00    0.000000           0         1           mprotect
------ ----------- ----------- --------- --------- ----------------
100.00    0.024263                    62         7 total
**********--- 1 ---***********
% time     seconds  usecs/call     calls    errors syscall
------ ----------- ----------- --------- --------- ----------------
 72.98    0.012384         885        14           mmap
 26.99    0.004580        2290         2           munmap
  0.04    0.000006           1         7           close
  0.00    0.000000           0         7         7 faccessat
  0.00    0.000000           0         7           openat
  0.00    0.000000           0         5           read
  0.00    0.000000           0         7           fstat
  0.00    0.000000           0         1           set_tid_address
  0.00    0.000000           0         2           futex
  0.00    0.000000           0         1           set_robust_list
  0.00    0.000000           0         2           rt_sigaction
  0.00    0.000000           0         1           rt_sigprocmask
  0.00    0.000000           0         1           getrlimit
  0.00    0.000000           0         3           brk
  0.00    0.000000           0         1           execve
  0.00    0.000000           0         1           mprotect
------ ----------- ----------- --------- --------- ----------------
100.00    0.016970                    62         7 total
**********--- 2 ---***********
% time     seconds  usecs/call     calls    errors syscall
------ ----------- ----------- --------- --------- ----------------
 72.88    0.012257         876        14           mmap
 27.08    0.004554        2277         2           munmap
  0.04    0.000006           1         7           close
  0.00    0.000000           0         7         7 faccessat
  0.00    0.000000           0         7           openat
  0.00    0.000000           0         5           read
  0.00    0.000000           0         7           fstat
  0.00    0.000000           0         1           set_tid_address
  0.00    0.000000           0         2           futex
  0.00    0.000000           0         1           set_robust_list
  0.00    0.000000           0         2           rt_sigaction
  0.00    0.000000           0         1           rt_sigprocmask
  0.00    0.000000           0         1           getrlimit
  0.00    0.000000           0         3           brk
  0.00    0.000000           0         1           execve
  0.00    0.000000           0         1           mprotect
------ ----------- ----------- --------- --------- ----------------
100.00    0.016817                    62         7 total
**********--- 3 ---***********
% time     seconds  usecs/call     calls    errors syscall
------ ----------- ----------- --------- --------- ----------------
 75.09    0.014126        1009        14           mmap
 24.87    0.004679        2340         2           munmap
  0.04    0.000008           1         7           close
  0.00    0.000000           0         7         7 faccessat
  0.00    0.000000           0         7           openat
  0.00    0.000000           0         5           read
  0.00    0.000000           0         7           fstat
  0.00    0.000000           0         1           set_tid_address
  0.00    0.000000           0         2           futex
  0.00    0.000000           0         1           set_robust_list
  0.00    0.000000           0         2           rt_sigaction
  0.00    0.000000           0         1           rt_sigprocmask
  0.00    0.000000           0         1           getrlimit
  0.00    0.000000           0         3           brk
  0.00    0.000000           0         1           execve
  0.00    0.000000           0         1           mprotect
------ ----------- ----------- --------- --------- ----------------
100.00    0.018813                    62         7 total
**********--- 4 ---***********
% time     seconds  usecs/call     calls    errors syscall
------ ----------- ----------- --------- --------- ----------------
 75.06    0.014112        1008        14           mmap
 24.90    0.004681        2341         2           munmap
  0.04    0.000008           1         7           close
  0.00    0.000000           0         7         7 faccessat
  0.00    0.000000           0         7           openat
  0.00    0.000000           0         5           read
  0.00    0.000000           0         7           fstat
  0.00    0.000000           0         1           set_tid_address
  0.00    0.000000           0         2           futex
  0.00    0.000000           0         1           set_robust_list
  0.00    0.000000           0         2           rt_sigaction
  0.00    0.000000           0         1           rt_sigprocmask
  0.00    0.000000           0         1           getrlimit
  0.00    0.000000           0         3           brk
  0.00    0.000000           0         1           execve
  0.00    0.000000           0         1           mprotect
------ ----------- ----------- --------- --------- ----------------
100.00    0.018801                    62         7 total
**********--- 5 ---***********
% time     seconds  usecs/call     calls    errors syscall
------ ----------- ----------- --------- --------- ----------------
 74.28    0.014140        1010        14           mmap
 24.42    0.004649        2325         2           munmap
  0.30    0.000058           8         7           openat
  0.22    0.000042           6         7         7 faccessat
  0.18    0.000034           5         7           close
  0.14    0.000026           5         5           read
  0.13    0.000025           4         7           fstat
  0.06    0.000012           6         2           futex
  0.06    0.000012           4         3           brk
  0.05    0.000010           5         2           rt_sigaction
  0.05    0.000009           9         1           mprotect
  0.03    0.000005           5         1           set_tid_address
  0.03    0.000005           5         1           set_robust_list
  0.03    0.000005           5         1           rt_sigprocmask
  0.03    0.000005           5         1           getrlimit
  0.00    0.000000           0         1           execve
------ ----------- ----------- --------- --------- ----------------
100.00    0.019037                    62         7 total
**********--- 6 ---***********
% time     seconds  usecs/call     calls    errors syscall
------ ----------- ----------- --------- --------- ----------------
 72.66    0.012129         866        14           mmap
 27.30    0.004558        2279         2           munmap
  0.04    0.000006           1         7           close
  0.00    0.000000           0         7         7 faccessat
  0.00    0.000000           0         7           openat
  0.00    0.000000           0         5           read
  0.00    0.000000           0         7           fstat
  0.00    0.000000           0         1           set_tid_address
  0.00    0.000000           0         2           futex
  0.00    0.000000           0         1           set_robust_list
  0.00    0.000000           0         2           rt_sigaction
  0.00    0.000000           0         1           rt_sigprocmask
  0.00    0.000000           0         1           getrlimit
  0.00    0.000000           0         3           brk
  0.00    0.000000           0         1           execve
  0.00    0.000000           0         1           mprotect
------ ----------- ----------- --------- --------- ----------------
100.00    0.016693                    62         7 total
**********--- 7 ---***********
% time     seconds  usecs/call     calls    errors syscall
------ ----------- ----------- --------- --------- ----------------
 72.73    0.012087         863        14           mmap
 27.23    0.004525        2263         2           munmap
  0.04    0.000006           1         7           close
  0.00    0.000000           0         7         7 faccessat
  0.00    0.000000           0         7           openat
  0.00    0.000000           0         5           read
  0.00    0.000000           0         7           fstat
  0.00    0.000000           0         1           set_tid_address
  0.00    0.000000           0         2           futex
  0.00    0.000000           0         1           set_robust_list
  0.00    0.000000           0         2           rt_sigaction
  0.00    0.000000           0         1           rt_sigprocmask
  0.00    0.000000           0         1           getrlimit
  0.00    0.000000           0         3           brk
  0.00    0.000000           0         1           execve
  0.00    0.000000           0         1           mprotect
------ ----------- ----------- --------- --------- ----------------
100.00    0.016618                    62         7 total
**********--- 8 ---***********
% time     seconds  usecs/call     calls    errors syscall
------ ----------- ----------- --------- --------- ----------------
 75.01    0.014033        1002        14           mmap
 24.94    0.004666        2333         2           munmap
  0.04    0.000008           1         7           close
  0.00    0.000000           0         7         7 faccessat
  0.00    0.000000           0         7           openat
  0.00    0.000000           0         5           read
  0.00    0.000000           0         7           fstat
  0.00    0.000000           0         1           set_tid_address
  0.00    0.000000           0         2           futex
  0.00    0.000000           0         1           set_robust_list
  0.00    0.000000           0         2           rt_sigaction
  0.00    0.000000           0         1           rt_sigprocmask
  0.00    0.000000           0         1           getrlimit
  0.00    0.000000           0         3           brk
  0.00    0.000000           0         1           execve
  0.00    0.000000           0         1           mprotect
------ ----------- ----------- --------- --------- ----------------
100.00    0.018707                    62         7 total
**********--- 9 ---***********
% time     seconds  usecs/call     calls    errors syscall
------ ----------- ----------- --------- --------- ----------------
 74.02    0.014187        1013        14           mmap
 24.30    0.004657        2329         2           munmap
  0.40    0.000076          11         7           openat
  0.37    0.000071          10         7         7 faccessat
  0.20    0.000039           6         7           fstat
  0.19    0.000037           5         7           close
  0.18    0.000034           7         5           read
  0.07    0.000013           7         2           futex
  0.07    0.000013           4         3           brk
  0.05    0.000010           5         2           rt_sigaction
  0.05    0.000009           9         1           mprotect
  0.03    0.000005           5         1           set_tid_address
  0.03    0.000005           5         1           set_robust_list
  0.03    0.000005           5         1           rt_sigprocmask
  0.03    0.000005           5         1           getrlimit
  0.00    0.000000           0         1           execve
------ ----------- ----------- --------- --------- ----------------
100.00    0.019166                    62         7 total

=============================

