script: runBlockRead
date: 2018-05-08
iterations: 10
******************************

**********--- 0 ---***********
% time     seconds  usecs/call     calls    errors syscall
------ ----------- ----------- --------- --------- ----------------
 98.81    0.220000       44000         5           read
  1.19    0.002648        1324         2           munmap
  0.00    0.000000           0         6           open
  0.00    0.000000           0         6           close
  0.00    0.000000           0         5           fstat
  0.00    0.000000           0         3           lseek
  0.00    0.000000           0        17           mmap
  0.00    0.000000           0         9           mprotect
  0.00    0.000000           0         3           brk
  0.00    0.000000           0         6         6 access
  0.00    0.000000           0         1           execve
  0.00    0.000000           0         1           arch_prctl
------ ----------- ----------- --------- --------- ----------------
100.00    0.222648                    64         6 total
**********--- 1 ---***********
% time     seconds  usecs/call     calls    errors syscall
------ ----------- ----------- --------- --------- ----------------
 98.82    0.228000       45600         5           read
  1.18    0.002720        1360         2           munmap
  0.00    0.000000           0         6           open
  0.00    0.000000           0         6           close
  0.00    0.000000           0         5           fstat
  0.00    0.000000           0         3           lseek
  0.00    0.000000           0        17           mmap
  0.00    0.000000           0         9           mprotect
  0.00    0.000000           0         3           brk
  0.00    0.000000           0         6         6 access
  0.00    0.000000           0         1           execve
  0.00    0.000000           0         1           arch_prctl
------ ----------- ----------- --------- --------- ----------------
100.00    0.230720                    64         6 total
**********--- 2 ---***********
% time     seconds  usecs/call     calls    errors syscall
------ ----------- ----------- --------- --------- ----------------
 98.84    0.224000       44800         5           read
  1.16    0.002624        1312         2           munmap
  0.00    0.000000           0         6           open
  0.00    0.000000           0         6           close
  0.00    0.000000           0         5           fstat
  0.00    0.000000           0         3           lseek
  0.00    0.000000           0        17           mmap
  0.00    0.000000           0         9           mprotect
  0.00    0.000000           0         3           brk
  0.00    0.000000           0         6         6 access
  0.00    0.000000           0         1           execve
  0.00    0.000000           0         1           arch_prctl
------ ----------- ----------- --------- --------- ----------------
100.00    0.226624                    64         6 total
**********--- 3 ---***********
% time     seconds  usecs/call     calls    errors syscall
------ ----------- ----------- --------- --------- ----------------
100.00    0.223131       44626         5           read
  0.00    0.000000           0         6           open
  0.00    0.000000           0         6           close
  0.00    0.000000           0         5           fstat
  0.00    0.000000           0         3           lseek
  0.00    0.000000           0        17           mmap
  0.00    0.000000           0         9           mprotect
  0.00    0.000000           0         2           munmap
  0.00    0.000000           0         3           brk
  0.00    0.000000           0         6         6 access
  0.00    0.000000           0         1           execve
  0.00    0.000000           0         1           arch_prctl
------ ----------- ----------- --------- --------- ----------------
100.00    0.223131                    64         6 total
**********--- 4 ---***********
% time     seconds  usecs/call     calls    errors syscall
------ ----------- ----------- --------- --------- ----------------
 98.79    0.216000       43200         5           read
  1.21    0.002647        1324         2           munmap
  0.00    0.000000           0         6           open
  0.00    0.000000           0         6           close
  0.00    0.000000           0         5           fstat
  0.00    0.000000           0         3           lseek
  0.00    0.000000           0        17           mmap
  0.00    0.000000           0         9           mprotect
  0.00    0.000000           0         3           brk
  0.00    0.000000           0         6         6 access
  0.00    0.000000           0         1           execve
  0.00    0.000000           0         1           arch_prctl
------ ----------- ----------- --------- --------- ----------------
100.00    0.218647                    64         6 total
**********--- 5 ---***********
% time     seconds  usecs/call     calls    errors syscall
------ ----------- ----------- --------- --------- ----------------
 98.66    0.220000       44000         5           read
  1.34    0.002995        1498         2           munmap
  0.00    0.000000           0         6           open
  0.00    0.000000           0         6           close
  0.00    0.000000           0         5           fstat
  0.00    0.000000           0         3           lseek
  0.00    0.000000           0        17           mmap
  0.00    0.000000           0         9           mprotect
  0.00    0.000000           0         3           brk
  0.00    0.000000           0         6         6 access
  0.00    0.000000           0         1           execve
  0.00    0.000000           0         1           arch_prctl
------ ----------- ----------- --------- --------- ----------------
100.00    0.222995                    64         6 total
**********--- 6 ---***********
% time     seconds  usecs/call     calls    errors syscall
------ ----------- ----------- --------- --------- ----------------
 98.82    0.220000       44000         5           read
  1.18    0.002622        1311         2           munmap
  0.00    0.000000           0         6           open
  0.00    0.000000           0         6           close
  0.00    0.000000           0         5           fstat
  0.00    0.000000           0         3           lseek
  0.00    0.000000           0        17           mmap
  0.00    0.000000           0         9           mprotect
  0.00    0.000000           0         3           brk
  0.00    0.000000           0         6         6 access
  0.00    0.000000           0         1           execve
  0.00    0.000000           0         1           arch_prctl
------ ----------- ----------- --------- --------- ----------------
100.00    0.222622                    64         6 total
**********--- 7 ---***********
% time     seconds  usecs/call     calls    errors syscall
------ ----------- ----------- --------- --------- ----------------
 98.77    0.220000       44000         5           read
  1.23    0.002750        1375         2           munmap
  0.00    0.000000           0         6           open
  0.00    0.000000           0         6           close
  0.00    0.000000           0         5           fstat
  0.00    0.000000           0         3           lseek
  0.00    0.000000           0        17           mmap
  0.00    0.000000           0         9           mprotect
  0.00    0.000000           0         3           brk
  0.00    0.000000           0         6         6 access
  0.00    0.000000           0         1           execve
  0.00    0.000000           0         1           arch_prctl
------ ----------- ----------- --------- --------- ----------------
100.00    0.222750                    64         6 total
**********--- 8 ---***********
% time     seconds  usecs/call     calls    errors syscall
------ ----------- ----------- --------- --------- ----------------
 98.81    0.220000       44000         5           read
  1.19    0.002642        1321         2           munmap
  0.00    0.000000           0         6           open
  0.00    0.000000           0         6           close
  0.00    0.000000           0         5           fstat
  0.00    0.000000           0         3           lseek
  0.00    0.000000           0        17           mmap
  0.00    0.000000           0         9           mprotect
  0.00    0.000000           0         3           brk
  0.00    0.000000           0         6         6 access
  0.00    0.000000           0         1           execve
  0.00    0.000000           0         1           arch_prctl
------ ----------- ----------- --------- --------- ----------------
100.00    0.222642                    64         6 total
**********--- 9 ---***********
% time     seconds  usecs/call     calls    errors syscall
------ ----------- ----------- --------- --------- ----------------
100.00    0.216000       43200         5           read
  0.00    0.000000           0         6           open
  0.00    0.000000           0         6           close
  0.00    0.000000           0         5           fstat
  0.00    0.000000           0         3           lseek
  0.00    0.000000           0        17           mmap
  0.00    0.000000           0         9           mprotect
  0.00    0.000000           0         2           munmap
  0.00    0.000000           0         3           brk
  0.00    0.000000           0         6         6 access
  0.00    0.000000           0         1           execve
  0.00    0.000000           0         1           arch_prctl
------ ----------- ----------- --------- --------- ----------------
100.00    0.216000                    64         6 total

=============================

