script: runMmap
date: 2018-05-08
iterations: 10
******************************

**********--- 0 ---***********
% time     seconds  usecs/call     calls    errors syscall
------ ----------- ----------- --------- --------- ----------------
 63.34    0.032000        1882        17           mmap
 36.66    0.018523        9262         2           munmap
  0.00    0.000000           0         4           read
  0.00    0.000000           0         6           open
  0.00    0.000000           0         6           close
  0.00    0.000000           0         6           fstat
  0.00    0.000000           0         9           mprotect
  0.00    0.000000           0         3           brk
  0.00    0.000000           0         6         6 access
  0.00    0.000000           0         1           execve
  0.00    0.000000           0         1           arch_prctl
------ ----------- ----------- --------- --------- ----------------
100.00    0.050523                    61         6 total
**********--- 1 ---***********
% time     seconds  usecs/call     calls    errors syscall
------ ----------- ----------- --------- --------- ----------------
 60.54    0.032000        1882        17           mmap
 39.46    0.020861       10431         2           munmap
  0.00    0.000000           0         4           read
  0.00    0.000000           0         6           open
  0.00    0.000000           0         6           close
  0.00    0.000000           0         6           fstat
  0.00    0.000000           0         9           mprotect
  0.00    0.000000           0         3           brk
  0.00    0.000000           0         6         6 access
  0.00    0.000000           0         1           execve
  0.00    0.000000           0         1           arch_prctl
------ ----------- ----------- --------- --------- ----------------
100.00    0.052861                    61         6 total
**********--- 2 ---***********
% time     seconds  usecs/call     calls    errors syscall
------ ----------- ----------- --------- --------- ----------------
 60.75    0.028000        1647        17           mmap
 39.25    0.018087        9044         2           munmap
  0.00    0.000000           0         4           read
  0.00    0.000000           0         6           open
  0.00    0.000000           0         6           close
  0.00    0.000000           0         6           fstat
  0.00    0.000000           0         9           mprotect
  0.00    0.000000           0         3           brk
  0.00    0.000000           0         6         6 access
  0.00    0.000000           0         1           execve
  0.00    0.000000           0         1           arch_prctl
------ ----------- ----------- --------- --------- ----------------
100.00    0.046087                    61         6 total
**********--- 3 ---***********
% time     seconds  usecs/call     calls    errors syscall
------ ----------- ----------- --------- --------- ----------------
 60.54    0.028000        1647        17           mmap
 39.46    0.018248        9124         2           munmap
  0.00    0.000000           0         4           read
  0.00    0.000000           0         6           open
  0.00    0.000000           0         6           close
  0.00    0.000000           0         6           fstat
  0.00    0.000000           0         9           mprotect
  0.00    0.000000           0         3           brk
  0.00    0.000000           0         6         6 access
  0.00    0.000000           0         1           execve
  0.00    0.000000           0         1           arch_prctl
------ ----------- ----------- --------- --------- ----------------
100.00    0.046248                    61         6 total
**********--- 4 ---***********
% time     seconds  usecs/call     calls    errors syscall
------ ----------- ----------- --------- --------- ----------------
 63.01    0.032000        1882        17           mmap
 36.99    0.018785        9393         2           munmap
  0.00    0.000000           0         4           read
  0.00    0.000000           0         6           open
  0.00    0.000000           0         6           close
  0.00    0.000000           0         6           fstat
  0.00    0.000000           0         9           mprotect
  0.00    0.000000           0         3           brk
  0.00    0.000000           0         6         6 access
  0.00    0.000000           0         1           execve
  0.00    0.000000           0         1           arch_prctl
------ ----------- ----------- --------- --------- ----------------
100.00    0.050785                    61         6 total
**********--- 5 ---***********
% time     seconds  usecs/call     calls    errors syscall
------ ----------- ----------- --------- --------- ----------------
 63.14    0.032000        1882        17           mmap
 36.86    0.018685        9343         2           munmap
  0.00    0.000000           0         4           read
  0.00    0.000000           0         6           open
  0.00    0.000000           0         6           close
  0.00    0.000000           0         6           fstat
  0.00    0.000000           0         9           mprotect
  0.00    0.000000           0         3           brk
  0.00    0.000000           0         6         6 access
  0.00    0.000000           0         1           execve
  0.00    0.000000           0         1           arch_prctl
------ ----------- ----------- --------- --------- ----------------
100.00    0.050685                    61         6 total
**********--- 6 ---***********
% time     seconds  usecs/call     calls    errors syscall
------ ----------- ----------- --------- --------- ----------------
 59.65    0.028000        1647        17           mmap
 40.35    0.018944        9472         2           munmap
  0.00    0.000000           0         4           read
  0.00    0.000000           0         6           open
  0.00    0.000000           0         6           close
  0.00    0.000000           0         6           fstat
  0.00    0.000000           0         9           mprotect
  0.00    0.000000           0         3           brk
  0.00    0.000000           0         6         6 access
  0.00    0.000000           0         1           execve
  0.00    0.000000           0         1           arch_prctl
------ ----------- ----------- --------- --------- ----------------
100.00    0.046944                    61         6 total
**********--- 7 ---***********
% time     seconds  usecs/call     calls    errors syscall
------ ----------- ----------- --------- --------- ----------------
 60.18    0.028000        1647        17           mmap
 39.82    0.018527        9264         2           munmap
  0.00    0.000000           0         4           read
  0.00    0.000000           0         6           open
  0.00    0.000000           0         6           close
  0.00    0.000000           0         6           fstat
  0.00    0.000000           0         9           mprotect
  0.00    0.000000           0         3           brk
  0.00    0.000000           0         6         6 access
  0.00    0.000000           0         1           execve
  0.00    0.000000           0         1           arch_prctl
------ ----------- ----------- --------- --------- ----------------
100.00    0.046527                    61         6 total
**********--- 8 ---***********
% time     seconds  usecs/call     calls    errors syscall
------ ----------- ----------- --------- --------- ----------------
 63.05    0.032000        1882        17           mmap
 36.95    0.018756        9378         2           munmap
  0.00    0.000000           0         4           read
  0.00    0.000000           0         6           open
  0.00    0.000000           0         6           close
  0.00    0.000000           0         6           fstat
  0.00    0.000000           0         9           mprotect
  0.00    0.000000           0         3           brk
  0.00    0.000000           0         6         6 access
  0.00    0.000000           0         1           execve
  0.00    0.000000           0         1           arch_prctl
------ ----------- ----------- --------- --------- ----------------
100.00    0.050756                    61         6 total
**********--- 9 ---***********
% time     seconds  usecs/call     calls    errors syscall
------ ----------- ----------- --------- --------- ----------------
 58.69    0.028000        1647        17           mmap
 41.31    0.019711        9856         2           munmap
  0.00    0.000000           0         4           read
  0.00    0.000000           0         6           open
  0.00    0.000000           0         6           close
  0.00    0.000000           0         6           fstat
  0.00    0.000000           0         9           mprotect
  0.00    0.000000           0         3           brk
  0.00    0.000000           0         6         6 access
  0.00    0.000000           0         1           execve
  0.00    0.000000           0         1           arch_prctl
------ ----------- ----------- --------- --------- ----------------
100.00    0.047711                    61         6 total

=============================

