script: runBlockRead
date: 2018-05-08
iterations: 10
******************************

**********--- 0 ---***********
% time     seconds  usecs/call     calls    errors syscall
------ ----------- ----------- --------- --------- ----------------
 99.11    0.447837       74640         6           read
  0.89    0.004000        2000         2           munmap
  0.00    0.000000           0         6           open
  0.00    0.000000           0         6           close
  0.00    0.000000           0         5           fstat
  0.00    0.000000           0         3           lseek
  0.00    0.000000           0        17           mmap
  0.00    0.000000           0         9           mprotect
  0.00    0.000000           0         3           brk
  0.00    0.000000           0         6         6 access
  0.00    0.000000           0         1           execve
  0.00    0.000000           0         1           arch_prctl
------ ----------- ----------- --------- --------- ----------------
100.00    0.451837                    65         6 total
**********--- 1 ---***********
% time     seconds  usecs/call     calls    errors syscall
------ ----------- ----------- --------- --------- ----------------
 98.84    0.444000       74000         6           read
  1.16    0.005228        2614         2           munmap
  0.00    0.000000           0         6           open
  0.00    0.000000           0         6           close
  0.00    0.000000           0         5           fstat
  0.00    0.000000           0         3           lseek
  0.00    0.000000           0        17           mmap
  0.00    0.000000           0         9           mprotect
  0.00    0.000000           0         3           brk
  0.00    0.000000           0         6         6 access
  0.00    0.000000           0         1           execve
  0.00    0.000000           0         1           arch_prctl
------ ----------- ----------- --------- --------- ----------------
100.00    0.449228                    65         6 total
**********--- 2 ---***********
% time     seconds  usecs/call     calls    errors syscall
------ ----------- ----------- --------- --------- ----------------
 99.10    0.439800       73300         6           read
  0.90    0.004000        2000         2           munmap
  0.00    0.000000           0         6           open
  0.00    0.000000           0         6           close
  0.00    0.000000           0         5           fstat
  0.00    0.000000           0         3           lseek
  0.00    0.000000           0        17           mmap
  0.00    0.000000           0         9           mprotect
  0.00    0.000000           0         3           brk
  0.00    0.000000           0         6         6 access
  0.00    0.000000           0         1           execve
  0.00    0.000000           0         1           arch_prctl
------ ----------- ----------- --------- --------- ----------------
100.00    0.443800                    65         6 total
**********--- 3 ---***********
% time     seconds  usecs/call     calls    errors syscall
------ ----------- ----------- --------- --------- ----------------
 98.83    0.440000       73333         6           read
  1.17    0.005230        2615         2           munmap
  0.00    0.000000           0         6           open
  0.00    0.000000           0         6           close
  0.00    0.000000           0         5           fstat
  0.00    0.000000           0         3           lseek
  0.00    0.000000           0        17           mmap
  0.00    0.000000           0         9           mprotect
  0.00    0.000000           0         3           brk
  0.00    0.000000           0         6         6 access
  0.00    0.000000           0         1           execve
  0.00    0.000000           0         1           arch_prctl
------ ----------- ----------- --------- --------- ----------------
100.00    0.445230                    65         6 total
**********--- 4 ---***********
% time     seconds  usecs/call     calls    errors syscall
------ ----------- ----------- --------- --------- ----------------
 99.10    0.439678       73280         6           read
  0.90    0.004000        2000         2           munmap
  0.00    0.000000           0         6           open
  0.00    0.000000           0         6           close
  0.00    0.000000           0         5           fstat
  0.00    0.000000           0         3           lseek
  0.00    0.000000           0        17           mmap
  0.00    0.000000           0         9           mprotect
  0.00    0.000000           0         3           brk
  0.00    0.000000           0         6         6 access
  0.00    0.000000           0         1           execve
  0.00    0.000000           0         1           arch_prctl
------ ----------- ----------- --------- --------- ----------------
100.00    0.443678                    65         6 total
**********--- 5 ---***********
% time     seconds  usecs/call     calls    errors syscall
------ ----------- ----------- --------- --------- ----------------
 99.09    0.436000       72667         6           read
  0.91    0.004000        2000         2           munmap
  0.00    0.000000           0         6           open
  0.00    0.000000           0         6           close
  0.00    0.000000           0         5           fstat
  0.00    0.000000           0         3           lseek
  0.00    0.000000           0        17           mmap
  0.00    0.000000           0         9           mprotect
  0.00    0.000000           0         3           brk
  0.00    0.000000           0         6         6 access
  0.00    0.000000           0         1           execve
  0.00    0.000000           0         1           arch_prctl
------ ----------- ----------- --------- --------- ----------------
100.00    0.440000                    65         6 total
**********--- 6 ---***********
% time     seconds  usecs/call     calls    errors syscall
------ ----------- ----------- --------- --------- ----------------
 99.10    0.439482       73247         6           read
  0.90    0.004000        2000         2           munmap
  0.00    0.000000           0         6           open
  0.00    0.000000           0         6           close
  0.00    0.000000           0         5           fstat
  0.00    0.000000           0         3           lseek
  0.00    0.000000           0        17           mmap
  0.00    0.000000           0         9           mprotect
  0.00    0.000000           0         3           brk
  0.00    0.000000           0         6         6 access
  0.00    0.000000           0         1           execve
  0.00    0.000000           0         1           arch_prctl
------ ----------- ----------- --------- --------- ----------------
100.00    0.443482                    65         6 total
**********--- 7 ---***********
% time     seconds  usecs/call     calls    errors syscall
------ ----------- ----------- --------- --------- ----------------
 99.10    0.440000       73333         6           read
  0.90    0.004000        2000         2           munmap
  0.00    0.000000           0         6           open
  0.00    0.000000           0         6           close
  0.00    0.000000           0         5           fstat
  0.00    0.000000           0         3           lseek
  0.00    0.000000           0        17           mmap
  0.00    0.000000           0         9           mprotect
  0.00    0.000000           0         3           brk
  0.00    0.000000           0         6         6 access
  0.00    0.000000           0         1           execve
  0.00    0.000000           0         1           arch_prctl
------ ----------- ----------- --------- --------- ----------------
100.00    0.444000                    65         6 total
**********--- 8 ---***********
% time     seconds  usecs/call     calls    errors syscall
------ ----------- ----------- --------- --------- ----------------
 99.11    0.443459       73910         6           read
  0.89    0.004000        2000         2           munmap
  0.00    0.000000           0         6           open
  0.00    0.000000           0         6           close
  0.00    0.000000           0         5           fstat
  0.00    0.000000           0         3           lseek
  0.00    0.000000           0        17           mmap
  0.00    0.000000           0         9           mprotect
  0.00    0.000000           0         3           brk
  0.00    0.000000           0         6         6 access
  0.00    0.000000           0         1           execve
  0.00    0.000000           0         1           arch_prctl
------ ----------- ----------- --------- --------- ----------------
100.00    0.447459                    65         6 total
**********--- 9 ---***********
% time     seconds  usecs/call     calls    errors syscall
------ ----------- ----------- --------- --------- ----------------
 98.83    0.436000       72667         6           read
  1.17    0.005154        2577         2           munmap
  0.00    0.000000           0         6           open
  0.00    0.000000           0         6           close
  0.00    0.000000           0         5           fstat
  0.00    0.000000           0         3           lseek
  0.00    0.000000           0        17           mmap
  0.00    0.000000           0         9           mprotect
  0.00    0.000000           0         3           brk
  0.00    0.000000           0         6         6 access
  0.00    0.000000           0         1           execve
  0.00    0.000000           0         1           arch_prctl
------ ----------- ----------- --------- --------- ----------------
100.00    0.441154                    65         6 total

=============================

