script: runMmap
date: 2018-05-08
iterations: 10
******************************

**********--- 0 ---***********
% time     seconds  usecs/call     calls    errors syscall
------ ----------- ----------- --------- --------- ----------------
 65.22    0.060000        3529        17           mmap
 34.78    0.032000       16000         2           munmap
  0.00    0.000000           0         4           read
  0.00    0.000000           0         6           open
  0.00    0.000000           0         6           close
  0.00    0.000000           0         6           fstat
  0.00    0.000000           0         9           mprotect
  0.00    0.000000           0         3           brk
  0.00    0.000000           0         6         6 access
  0.00    0.000000           0         1           execve
  0.00    0.000000           0         1           arch_prctl
------ ----------- ----------- --------- --------- ----------------
100.00    0.092000                    61         6 total
**********--- 1 ---***********
% time     seconds  usecs/call     calls    errors syscall
------ ----------- ----------- --------- --------- ----------------
 64.87    0.059084        3476        17           mmap
 35.13    0.032000       16000         2           munmap
  0.00    0.000000           0         4           read
  0.00    0.000000           0         6           open
  0.00    0.000000           0         6           close
  0.00    0.000000           0         6           fstat
  0.00    0.000000           0         9           mprotect
  0.00    0.000000           0         3           brk
  0.00    0.000000           0         6         6 access
  0.00    0.000000           0         1           execve
  0.00    0.000000           0         1           arch_prctl
------ ----------- ----------- --------- --------- ----------------
100.00    0.091084                    61         6 total
**********--- 2 ---***********
% time     seconds  usecs/call     calls    errors syscall
------ ----------- ----------- --------- --------- ----------------
 62.78    0.060000        3529        17           mmap
 37.22    0.035576       17788         2           munmap
  0.00    0.000000           0         4           read
  0.00    0.000000           0         6           open
  0.00    0.000000           0         6           close
  0.00    0.000000           0         6           fstat
  0.00    0.000000           0         9           mprotect
  0.00    0.000000           0         3           brk
  0.00    0.000000           0         6         6 access
  0.00    0.000000           0         1           execve
  0.00    0.000000           0         1           arch_prctl
------ ----------- ----------- --------- --------- ----------------
100.00    0.095576                    61         6 total
**********--- 3 ---***********
% time     seconds  usecs/call     calls    errors syscall
------ ----------- ----------- --------- --------- ----------------
 65.22    0.060000        3529        17           mmap
 34.78    0.032000       16000         2           munmap
  0.00    0.000000           0         4           read
  0.00    0.000000           0         6           open
  0.00    0.000000           0         6           close
  0.00    0.000000           0         6           fstat
  0.00    0.000000           0         9           mprotect
  0.00    0.000000           0         3           brk
  0.00    0.000000           0         6         6 access
  0.00    0.000000           0         1           execve
  0.00    0.000000           0         1           arch_prctl
------ ----------- ----------- --------- --------- ----------------
100.00    0.092000                    61         6 total
**********--- 4 ---***********
% time     seconds  usecs/call     calls    errors syscall
------ ----------- ----------- --------- --------- ----------------
 65.22    0.060000        3529        17           mmap
 34.78    0.032000       16000         2           munmap
  0.00    0.000000           0         4           read
  0.00    0.000000           0         6           open
  0.00    0.000000           0         6           close
  0.00    0.000000           0         6           fstat
  0.00    0.000000           0         9           mprotect
  0.00    0.000000           0         3           brk
  0.00    0.000000           0         6         6 access
  0.00    0.000000           0         1           execve
  0.00    0.000000           0         1           arch_prctl
------ ----------- ----------- --------- --------- ----------------
100.00    0.092000                    61         6 total
**********--- 5 ---***********
% time     seconds  usecs/call     calls    errors syscall
------ ----------- ----------- --------- --------- ----------------
 65.10    0.059678        3510        17           mmap
 34.90    0.032000       16000         2           munmap
  0.00    0.000000           0         4           read
  0.00    0.000000           0         6           open
  0.00    0.000000           0         6           close
  0.00    0.000000           0         6           fstat
  0.00    0.000000           0         9           mprotect
  0.00    0.000000           0         3           brk
  0.00    0.000000           0         6         6 access
  0.00    0.000000           0         1           execve
  0.00    0.000000           0         1           arch_prctl
------ ----------- ----------- --------- --------- ----------------
100.00    0.091678                    61         6 total
**********--- 6 ---***********
% time     seconds  usecs/call     calls    errors syscall
------ ----------- ----------- --------- --------- ----------------
 62.98    0.056000        3294        17           mmap
 37.02    0.032913       16457         2           munmap
  0.00    0.000000           0         4           read
  0.00    0.000000           0         6           open
  0.00    0.000000           0         6           close
  0.00    0.000000           0         6           fstat
  0.00    0.000000           0         9           mprotect
  0.00    0.000000           0         3           brk
  0.00    0.000000           0         6         6 access
  0.00    0.000000           0         1           execve
  0.00    0.000000           0         1           arch_prctl
------ ----------- ----------- --------- --------- ----------------
100.00    0.088913                    61         6 total
**********--- 7 ---***********
% time     seconds  usecs/call     calls    errors syscall
------ ----------- ----------- --------- --------- ----------------
 63.17    0.056000        3294        17           mmap
 36.83    0.032656       16328         2           munmap
  0.00    0.000000           0         4           read
  0.00    0.000000           0         6           open
  0.00    0.000000           0         6           close
  0.00    0.000000           0         6           fstat
  0.00    0.000000           0         9           mprotect
  0.00    0.000000           0         3           brk
  0.00    0.000000           0         6         6 access
  0.00    0.000000           0         1           execve
  0.00    0.000000           0         1           arch_prctl
------ ----------- ----------- --------- --------- ----------------
100.00    0.088656                    61         6 total
**********--- 8 ---***********
% time     seconds  usecs/call     calls    errors syscall
------ ----------- ----------- --------- --------- ----------------
 63.64    0.056000        3294        17           mmap
 36.36    0.032000       16000         2           munmap
  0.00    0.000000           0         4           read
  0.00    0.000000           0         6           open
  0.00    0.000000           0         6           close
  0.00    0.000000           0         6           fstat
  0.00    0.000000           0         9           mprotect
  0.00    0.000000           0         3           brk
  0.00    0.000000           0         6         6 access
  0.00    0.000000           0         1           execve
  0.00    0.000000           0         1           arch_prctl
------ ----------- ----------- --------- --------- ----------------
100.00    0.088000                    61         6 total
**********--- 9 ---***********
% time     seconds  usecs/call     calls    errors syscall
------ ----------- ----------- --------- --------- ----------------
 66.67    0.064000        3765        17           mmap
 33.33    0.032000       16000         2           munmap
  0.00    0.000000           0         4           read
  0.00    0.000000           0         6           open
  0.00    0.000000           0         6           close
  0.00    0.000000           0         6           fstat
  0.00    0.000000           0         9           mprotect
  0.00    0.000000           0         3           brk
  0.00    0.000000           0         6         6 access
  0.00    0.000000           0         1           execve
  0.00    0.000000           0         1           arch_prctl
------ ----------- ----------- --------- --------- ----------------
100.00    0.096000                    61         6 total

=============================

