script: runBlockRead
date: 2018-05-08
iterations: 10
******************************

**********--- 0 ---***********
% time     seconds  usecs/call     calls    errors syscall
------ ----------- ----------- --------- --------- ----------------
 94.13    0.666871      111145         6           read
  5.85    0.041449       20725         2           munmap
  0.01    0.000043           2        18           mmap
  0.00    0.000034           3        12           mprotect
  0.00    0.000023           3         7           open
  0.00    0.000014           2         7         7 access
  0.00    0.000013           2         7           close
  0.00    0.000007           1         6           fstat
  0.00    0.000004           1         3           brk
  0.00    0.000004           4         1           execve
  0.00    0.000003           1         3           lseek
  0.00    0.000003           2         2           futex
  0.00    0.000002           1         2           rt_sigaction
  0.00    0.000002           2         1           arch_prctl
  0.00    0.000001           1         1           rt_sigprocmask
  0.00    0.000001           1         1           getrlimit
  0.00    0.000001           1         1           set_tid_address
  0.00    0.000001           1         1           set_robust_list
------ ----------- ----------- --------- --------- ----------------
100.00    0.708476                    81         7 total
**********--- 1 ---***********
% time     seconds  usecs/call     calls    errors syscall
------ ----------- ----------- --------- --------- ----------------
 94.48    0.555384       92564         6           read
  5.47    0.032166       16083         2           munmap
  0.01    0.000062           3        18           mmap
  0.01    0.000050           4        12           mprotect
  0.01    0.000036           5         7           open
  0.00    0.000025           4         7         7 access
  0.00    0.000021           3         7           close
  0.00    0.000020          20         1           execve
  0.00    0.000012           2         6           fstat
  0.00    0.000008           3         3           brk
  0.00    0.000005           2         3           lseek
  0.00    0.000005           3         2           futex
  0.00    0.000003           2         2           rt_sigaction
  0.00    0.000002           2         1           rt_sigprocmask
  0.00    0.000002           2         1           getrlimit
  0.00    0.000002           2         1           arch_prctl
  0.00    0.000002           2         1           set_robust_list
  0.00    0.000001           1         1           set_tid_address
------ ----------- ----------- --------- --------- ----------------
100.00    0.587806                    81         7 total
**********--- 2 ---***********
% time     seconds  usecs/call     calls    errors syscall
------ ----------- ----------- --------- --------- ----------------
 94.22    0.580802       96800         6           read
  5.75    0.035450       17725         2           munmap
  0.01    0.000039           2        18           mmap
  0.01    0.000038           3        12           mprotect
  0.00    0.000026           4         7           open
  0.00    0.000016           2         7           close
  0.00    0.000012           2         7         7 access
  0.00    0.000008           1         6           fstat
  0.00    0.000005           3         2           futex
  0.00    0.000004           1         3           lseek
  0.00    0.000004           1         3           brk
  0.00    0.000004           4         1           execve
  0.00    0.000003           2         2           rt_sigaction
  0.00    0.000002           2         1           getrlimit
  0.00    0.000002           2         1           set_robust_list
  0.00    0.000001           1         1           rt_sigprocmask
  0.00    0.000001           1         1           arch_prctl
  0.00    0.000001           1         1           set_tid_address
------ ----------- ----------- --------- --------- ----------------
100.00    0.616418                    81         7 total
**********--- 3 ---***********
% time     seconds  usecs/call     calls    errors syscall
------ ----------- ----------- --------- --------- ----------------
 95.20    0.644343      107391         6           read
  4.77    0.032281       16141         2           munmap
  0.01    0.000047           3        18           mmap
  0.01    0.000034           3        12           mprotect
  0.00    0.000028           4         7           open
  0.00    0.000020           3         7         7 access
  0.00    0.000017           2         7           close
  0.00    0.000009           2         6           fstat
  0.00    0.000005           3         2           futex
  0.00    0.000004           1         3           lseek
  0.00    0.000004           1         3           brk
  0.00    0.000003           3         1           execve
  0.00    0.000002           1         2           rt_sigaction
  0.00    0.000002           2         1           getrlimit
  0.00    0.000001           1         1           rt_sigprocmask
  0.00    0.000001           1         1           arch_prctl
  0.00    0.000001           1         1           set_tid_address
  0.00    0.000001           1         1           set_robust_list
------ ----------- ----------- --------- --------- ----------------
100.00    0.676803                    81         7 total
**********--- 4 ---***********
% time     seconds  usecs/call     calls    errors syscall
------ ----------- ----------- --------- --------- ----------------
 95.18    0.640681      106780         6           read
  4.79    0.032224       16112         2           munmap
  0.01    0.000046           3        18           mmap
  0.01    0.000043           4        12           mprotect
  0.00    0.000030           4         7           open
  0.00    0.000023           3         7         7 access
  0.00    0.000019           3         7           close
  0.00    0.000008           1         6           fstat
  0.00    0.000006           2         3           brk
  0.00    0.000005           3         2           futex
  0.00    0.000004           1         3           lseek
  0.00    0.000004           4         1           execve
  0.00    0.000002           1         2           rt_sigaction
  0.00    0.000002           2         1           getrlimit
  0.00    0.000002           2         1           set_tid_address
  0.00    0.000001           1         1           rt_sigprocmask
  0.00    0.000001           1         1           arch_prctl
  0.00    0.000001           1         1           set_robust_list
------ ----------- ----------- --------- --------- ----------------
100.00    0.673102                    81         7 total
**********--- 5 ---***********
% time     seconds  usecs/call     calls    errors syscall
------ ----------- ----------- --------- --------- ----------------
 95.15    0.643174      107196         6           read
  4.83    0.032619       16310         2           munmap
  0.01    0.000048           3        18           mmap
  0.01    0.000039           3        12           mprotect
  0.00    0.000028           4         7           open
  0.00    0.000016           2         7           close
  0.00    0.000016           2         7         7 access
  0.00    0.000008           1         6           fstat
  0.00    0.000005           2         3           lseek
  0.00    0.000005           2         3           brk
  0.00    0.000004           4         1           execve
  0.00    0.000004           2         2           futex
  0.00    0.000002           1         2           rt_sigaction
  0.00    0.000002           2         1           rt_sigprocmask
  0.00    0.000001           1         1           getrlimit
  0.00    0.000001           1         1           arch_prctl
  0.00    0.000001           1         1           set_tid_address
  0.00    0.000001           1         1           set_robust_list
------ ----------- ----------- --------- --------- ----------------
100.00    0.675974                    81         7 total
**********--- 6 ---***********
% time     seconds  usecs/call     calls    errors syscall
------ ----------- ----------- --------- --------- ----------------
 94.66    0.595102       99184         6           read
  5.28    0.033211       16606         2           munmap
  0.02    0.000114           6        18           mmap
  0.01    0.000076           6        12           mprotect
  0.01    0.000053           8         7           open
  0.01    0.000048           7         7         7 access
  0.01    0.000042           6         7           close
  0.00    0.000030           5         6           fstat
  0.00    0.000008           8         1           execve
  0.00    0.000006           2         3           brk
  0.00    0.000005           5         1           arch_prctl
  0.00    0.000000           0         3           lseek
  0.00    0.000000           0         2           rt_sigaction
  0.00    0.000000           0         1           rt_sigprocmask
  0.00    0.000000           0         1           getrlimit
  0.00    0.000000           0         2           futex
  0.00    0.000000           0         1           set_tid_address
  0.00    0.000000           0         1           set_robust_list
------ ----------- ----------- --------- --------- ----------------
100.00    0.628695                    81         7 total
**********--- 7 ---***********
% time     seconds  usecs/call     calls    errors syscall
------ ----------- ----------- --------- --------- ----------------
 93.84    0.543406       90568         6           read
  6.10    0.035340       17670         2           munmap
  0.02    0.000111           6        18           mmap
  0.01    0.000060           5        12           mprotect
  0.01    0.000050           7         7           open
  0.01    0.000046           7         7         7 access
  0.01    0.000041           6         7           close
  0.01    0.000029           5         6           fstat
  0.00    0.000008           8         1           execve
  0.00    0.000005           2         3           brk
  0.00    0.000005           5         1           arch_prctl
  0.00    0.000000           0         3           lseek
  0.00    0.000000           0         2           rt_sigaction
  0.00    0.000000           0         1           rt_sigprocmask
  0.00    0.000000           0         1           getrlimit
  0.00    0.000000           0         2           futex
  0.00    0.000000           0         1           set_tid_address
  0.00    0.000000           0         1           set_robust_list
------ ----------- ----------- --------- --------- ----------------
100.00    0.579101                    81         7 total
**********--- 8 ---***********
% time     seconds  usecs/call     calls    errors syscall
------ ----------- ----------- --------- --------- ----------------
 94.21    0.577743       96291         6           read
  5.76    0.035330       17665         2           munmap
  0.01    0.000049           3        18           mmap
  0.01    0.000036           3        12           mprotect
  0.00    0.000030           4         7           open
  0.00    0.000017           2         7         7 access
  0.00    0.000015           2         7           close
  0.00    0.000007           1         6           fstat
  0.00    0.000006           2         3           brk
  0.00    0.000004           1         3           lseek
  0.00    0.000004           4         1           execve
  0.00    0.000004           2         2           futex
  0.00    0.000002           1         2           rt_sigaction
  0.00    0.000002           2         1           rt_sigprocmask
  0.00    0.000001           1         1           getrlimit
  0.00    0.000001           1         1           arch_prctl
  0.00    0.000001           1         1           set_tid_address
  0.00    0.000001           1         1           set_robust_list
------ ----------- ----------- --------- --------- ----------------
100.00    0.613253                    81         7 total
**********--- 9 ---***********
% time     seconds  usecs/call     calls    errors syscall
------ ----------- ----------- --------- --------- ----------------
 94.19    0.578065       96344         6           read
  5.77    0.035411       17706         2           munmap
  0.01    0.000077           4        18           mmap
  0.01    0.000035           5         7           open
  0.01    0.000035           3        12           mprotect
  0.00    0.000029           4         7         7 access
  0.00    0.000028           4         7           close
  0.00    0.000018           3         6           fstat
  0.00    0.000006           6         1           execve
  0.00    0.000003           1         3           brk
  0.00    0.000003           3         1           arch_prctl
  0.00    0.000000           0         3           lseek
  0.00    0.000000           0         2           rt_sigaction
  0.00    0.000000           0         1           rt_sigprocmask
  0.00    0.000000           0         1           getrlimit
  0.00    0.000000           0         2           futex
  0.00    0.000000           0         1           set_tid_address
  0.00    0.000000           0         1           set_robust_list
------ ----------- ----------- --------- --------- ----------------
100.00    0.613710                    81         7 total

=============================

