script: runMmap
date: 2018-05-08
iterations: 10
******************************

**********--- 0 ---***********
% time     seconds  usecs/call     calls    errors syscall
------ ----------- ----------- --------- --------- ----------------
 65.80    0.063076        3504        18           mmap
 33.89    0.032489       16245         2           munmap
  0.07    0.000066           6        12           mprotect
  0.05    0.000051           7         7           open
  0.05    0.000047           7         7         7 access
  0.04    0.000043           6         7           close
  0.03    0.000033           7         5           read
  0.03    0.000033           5         7           fstat
  0.01    0.000009           9         1           execve
  0.01    0.000006           2         3           brk
  0.01    0.000006           6         1           arch_prctl
  0.00    0.000000           0         2           rt_sigaction
  0.00    0.000000           0         1           rt_sigprocmask
  0.00    0.000000           0         1           getrlimit
  0.00    0.000000           0         2           futex
  0.00    0.000000           0         1           set_tid_address
  0.00    0.000000           0         1           set_robust_list
------ ----------- ----------- --------- --------- ----------------
100.00    0.095859                    78         7 total
**********--- 1 ---***********
% time     seconds  usecs/call     calls    errors syscall
------ ----------- ----------- --------- --------- ----------------
 64.22    0.050182        2788        18           mmap
 35.58    0.027807       13904         2           munmap
  0.06    0.000044           4        12           mprotect
  0.04    0.000030           4         7           open
  0.02    0.000019           3         7         7 access
  0.02    0.000013           2         7           close
  0.02    0.000013           2         7           fstat
  0.01    0.000010           2         5           read
  0.01    0.000006           2         3           brk
  0.01    0.000005           5         1           execve
  0.01    0.000005           3         2           futex
  0.00    0.000003           2         2           rt_sigaction
  0.00    0.000002           2         1           getrlimit
  0.00    0.000002           2         1           arch_prctl
  0.00    0.000002           2         1           set_robust_list
  0.00    0.000001           1         1           rt_sigprocmask
  0.00    0.000001           1         1           set_tid_address
------ ----------- ----------- --------- --------- ----------------
100.00    0.078145                    78         7 total
**********--- 2 ---***********
% time     seconds  usecs/call     calls    errors syscall
------ ----------- ----------- --------- --------- ----------------
 60.73    0.045699        2539        18           mmap
 39.11    0.029430       14715         2           munmap
  0.04    0.000027           4         7         7 access
  0.03    0.000025           4         7           open
  0.03    0.000019           3         7           close
  0.02    0.000017           1        12           mprotect
  0.02    0.000015           2         7           fstat
  0.02    0.000013           3         5           read
  0.01    0.000006           6         1           execve
  0.00    0.000003           1         3           brk
  0.00    0.000000           0         2           rt_sigaction
  0.00    0.000000           0         1           rt_sigprocmask
  0.00    0.000000           0         1           getrlimit
  0.00    0.000000           0         1           arch_prctl
  0.00    0.000000           0         2           futex
  0.00    0.000000           0         1           set_tid_address
  0.00    0.000000           0         1           set_robust_list
------ ----------- ----------- --------- --------- ----------------
100.00    0.075254                    78         7 total
**********--- 3 ---***********
% time     seconds  usecs/call     calls    errors syscall
------ ----------- ----------- --------- --------- ----------------
 60.34    0.052093        2894        18           mmap
 39.48    0.034079       17040         2           munmap
  0.05    0.000045           4        12           mprotect
  0.03    0.000028           4         7           open
  0.02    0.000020           3         7         7 access
  0.02    0.000013           2         7           close
  0.01    0.000012           2         5           read
  0.01    0.000012           2         7           fstat
  0.01    0.000006           2         3           brk
  0.01    0.000005           5         1           execve
  0.00    0.000004           2         2           futex
  0.00    0.000002           1         2           rt_sigaction
  0.00    0.000002           2         1           rt_sigprocmask
  0.00    0.000002           2         1           getrlimit
  0.00    0.000002           2         1           arch_prctl
  0.00    0.000002           2         1           set_tid_address
  0.00    0.000001           1         1           set_robust_list
------ ----------- ----------- --------- --------- ----------------
100.00    0.086328                    78         7 total
**********--- 4 ---***********
% time     seconds  usecs/call     calls    errors syscall
------ ----------- ----------- --------- --------- ----------------
 64.88    0.053765        2987        18           mmap
 34.94    0.028950       14475         2           munmap
  0.05    0.000038           3        12           mprotect
  0.04    0.000035           5         7           open
  0.03    0.000022           3         7         7 access
  0.02    0.000013           2         7           close
  0.01    0.000012           2         5           read
  0.01    0.000009           1         7           fstat
  0.01    0.000006           2         3           brk
  0.00    0.000004           4         1           execve
  0.00    0.000004           2         2           futex
  0.00    0.000002           1         2           rt_sigaction
  0.00    0.000002           2         1           rt_sigprocmask
  0.00    0.000002           2         1           arch_prctl
  0.00    0.000001           1         1           getrlimit
  0.00    0.000001           1         1           set_tid_address
  0.00    0.000001           1         1           set_robust_list
------ ----------- ----------- --------- --------- ----------------
100.00    0.082867                    78         7 total
**********--- 5 ---***********
% time     seconds  usecs/call     calls    errors syscall
------ ----------- ----------- --------- --------- ----------------
 71.50    0.055239        3069        18           mmap
 28.26    0.021829       10915         2           munmap
  0.05    0.000042           4        12           mprotect
  0.04    0.000033           5         7           open
  0.04    0.000033           5         7         7 access
  0.03    0.000027           4         7           close
  0.03    0.000021           4         5           read
  0.03    0.000020           3         7           fstat
  0.01    0.000005           5         1           execve
  0.00    0.000003           1         3           brk
  0.00    0.000003           3         1           arch_prctl
  0.00    0.000000           0         2           rt_sigaction
  0.00    0.000000           0         1           rt_sigprocmask
  0.00    0.000000           0         1           getrlimit
  0.00    0.000000           0         2           futex
  0.00    0.000000           0         1           set_tid_address
  0.00    0.000000           0         1           set_robust_list
------ ----------- ----------- --------- --------- ----------------
100.00    0.077255                    78         7 total
**********--- 6 ---***********
% time     seconds  usecs/call     calls    errors syscall
------ ----------- ----------- --------- --------- ----------------
 70.01    0.048822        2712        18           mmap
 29.73    0.020730       10365         2           munmap
  0.07    0.000046           4        12           mprotect
  0.05    0.000033           5         7         7 access
  0.05    0.000032           5         7           open
  0.04    0.000026           4         7           close
  0.03    0.000019           4         5           read
  0.03    0.000018           3         7           fstat
  0.01    0.000006           6         1           execve
  0.00    0.000003           1         3           brk
  0.00    0.000003           3         1           arch_prctl
  0.00    0.000000           0         2           rt_sigaction
  0.00    0.000000           0         1           rt_sigprocmask
  0.00    0.000000           0         1           getrlimit
  0.00    0.000000           0         2           futex
  0.00    0.000000           0         1           set_tid_address
  0.00    0.000000           0         1           set_robust_list
------ ----------- ----------- --------- --------- ----------------
100.00    0.069738                    78         7 total
**********--- 7 ---***********
% time     seconds  usecs/call     calls    errors syscall
------ ----------- ----------- --------- --------- ----------------
 61.45    0.045765        2543        18           mmap
 38.37    0.028578       14289         2           munmap
  0.05    0.000039           3        12           mprotect
  0.04    0.000027           4         7           open
  0.02    0.000017           2         7         7 access
  0.02    0.000013           2         7           close
  0.01    0.000010           1         7           fstat
  0.01    0.000009           2         5           read
  0.01    0.000004           1         3           brk
  0.00    0.000003           2         2           rt_sigaction
  0.00    0.000003           3         1           execve
  0.00    0.000003           2         2           futex
  0.00    0.000002           2         1           arch_prctl
  0.00    0.000002           2         1           set_robust_list
  0.00    0.000001           1         1           rt_sigprocmask
  0.00    0.000001           1         1           getrlimit
  0.00    0.000001           1         1           set_tid_address
------ ----------- ----------- --------- --------- ----------------
100.00    0.074478                    78         7 total
**********--- 8 ---***********
% time     seconds  usecs/call     calls    errors syscall
------ ----------- ----------- --------- --------- ----------------
 71.31    0.053035        2946        18           mmap
 28.50    0.021196       10598         2           munmap
  0.05    0.000040           3        12           mprotect
  0.04    0.000031           4         7           open
  0.03    0.000021           3         7         7 access
  0.02    0.000012           2         7           close
  0.01    0.000009           1         7           fstat
  0.01    0.000008           2         5           read
  0.01    0.000006           2         3           brk
  0.01    0.000004           4         1           execve
  0.01    0.000004           2         2           futex
  0.00    0.000002           1         2           rt_sigaction
  0.00    0.000002           2         1           rt_sigprocmask
  0.00    0.000002           2         1           set_robust_list
  0.00    0.000001           1         1           getrlimit
  0.00    0.000001           1         1           arch_prctl
  0.00    0.000001           1         1           set_tid_address
------ ----------- ----------- --------- --------- ----------------
100.00    0.074375                    78         7 total
**********--- 9 ---***********
% time     seconds  usecs/call     calls    errors syscall
------ ----------- ----------- --------- --------- ----------------
 61.75    0.054537        3030        18           mmap
 38.00    0.033560       16780         2           munmap
  0.06    0.000053           4        12           mprotect
  0.05    0.000045           6         7         7 access
  0.04    0.000039           6         7           open
  0.02    0.000017           2         7           close
  0.02    0.000015           2         7           fstat
  0.01    0.000013           3         5           read
  0.01    0.000008           3         3           brk
  0.01    0.000006           6         1           execve
  0.01    0.000006           3         2           futex
  0.01    0.000005           3         2           rt_sigaction
  0.00    0.000002           2         1           rt_sigprocmask
  0.00    0.000002           2         1           getrlimit
  0.00    0.000002           2         1           arch_prctl
  0.00    0.000002           2         1           set_tid_address
  0.00    0.000002           2         1           set_robust_list
------ ----------- ----------- --------- --------- ----------------
100.00    0.088314                    78         7 total

=============================

