script: runBlockRead
date: 2018-05-08
iterations: 10
******************************

**********--- 0 ---***********
% time     seconds  usecs/call     calls    errors syscall
------ ----------- ----------- --------- --------- ----------------
 98.40    0.627719      104620         6           read
  1.54    0.009846        4923         2           munmap
  0.02    0.000134          10        14           mmap
  0.01    0.000066           9         7           openat
  0.01    0.000047           7         7         7 faccessat
  0.01    0.000036           5         7           close
  0.00    0.000022           4         6           fstat
  0.00    0.000015           5         3           lseek
  0.00    0.000013           7         2           futex
  0.00    0.000013           4         3           brk
  0.00    0.000010           5         2           rt_sigaction
  0.00    0.000010          10         1           mprotect
  0.00    0.000006           6         1           getrlimit
  0.00    0.000005           5         1           set_tid_address
  0.00    0.000005           5         1           set_robust_list
  0.00    0.000004           4         1           rt_sigprocmask
  0.00    0.000000           0         1           execve
------ ----------- ----------- --------- --------- ----------------
100.00    0.637951                    65         7 total
**********--- 1 ---***********
% time     seconds  usecs/call     calls    errors syscall
------ ----------- ----------- --------- --------- ----------------
 98.50    0.624249      104042         6           read
  1.50    0.009481        4741         2           munmap
  0.00    0.000009           1         7           close
  0.00    0.000000           0         7         7 faccessat
  0.00    0.000000           0         7           openat
  0.00    0.000000           0         3           lseek
  0.00    0.000000           0         6           fstat
  0.00    0.000000           0         1           set_tid_address
  0.00    0.000000           0         2           futex
  0.00    0.000000           0         1           set_robust_list
  0.00    0.000000           0         2           rt_sigaction
  0.00    0.000000           0         1           rt_sigprocmask
  0.00    0.000000           0         1           getrlimit
  0.00    0.000000           0         3           brk
  0.00    0.000000           0         1           execve
  0.00    0.000000           0        14           mmap
  0.00    0.000000           0         1           mprotect
------ ----------- ----------- --------- --------- ----------------
100.00    0.633739                    65         7 total
**********--- 2 ---***********
% time     seconds  usecs/call     calls    errors syscall
------ ----------- ----------- --------- --------- ----------------
 98.46    0.625163      104194         6           read
  1.52    0.009656        4828         2           munmap
  0.00    0.000030           2        14           mmap
  0.00    0.000016           5         3           lseek
  0.00    0.000014           2         7           close
  0.00    0.000013           2         7           openat
  0.00    0.000012           6         2           futex
  0.00    0.000012           4         3           brk
  0.00    0.000010           5         2           rt_sigaction
  0.00    0.000006           6         1           getrlimit
  0.00    0.000005           5         1           set_tid_address
  0.00    0.000005           5         1           set_robust_list
  0.00    0.000005           5         1           rt_sigprocmask
  0.00    0.000000           0         7         7 faccessat
  0.00    0.000000           0         6           fstat
  0.00    0.000000           0         1           execve
  0.00    0.000000           0         1           mprotect
------ ----------- ----------- --------- --------- ----------------
100.00    0.634947                    65         7 total
**********--- 3 ---***********
% time     seconds  usecs/call     calls    errors syscall
------ ----------- ----------- --------- --------- ----------------
 98.48    0.624223      104037         6           read
  1.52    0.009605        4803         2           munmap
  0.00    0.000009           1         7           close
  0.00    0.000000           0         7         7 faccessat
  0.00    0.000000           0         7           openat
  0.00    0.000000           0         3           lseek
  0.00    0.000000           0         6           fstat
  0.00    0.000000           0         1           set_tid_address
  0.00    0.000000           0         2           futex
  0.00    0.000000           0         1           set_robust_list
  0.00    0.000000           0         2           rt_sigaction
  0.00    0.000000           0         1           rt_sigprocmask
  0.00    0.000000           0         1           getrlimit
  0.00    0.000000           0         3           brk
  0.00    0.000000           0         1           execve
  0.00    0.000000           0        14           mmap
  0.00    0.000000           0         1           mprotect
------ ----------- ----------- --------- --------- ----------------
100.00    0.633837                    65         7 total
**********--- 4 ---***********
% time     seconds  usecs/call     calls    errors syscall
------ ----------- ----------- --------- --------- ----------------
 98.50    0.624425      104071         6           read
  1.50    0.009478        4739         2           munmap
  0.00    0.000009           1         7           close
  0.00    0.000000           0         7         7 faccessat
  0.00    0.000000           0         7           openat
  0.00    0.000000           0         3           lseek
  0.00    0.000000           0         6           fstat
  0.00    0.000000           0         1           set_tid_address
  0.00    0.000000           0         2           futex
  0.00    0.000000           0         1           set_robust_list
  0.00    0.000000           0         2           rt_sigaction
  0.00    0.000000           0         1           rt_sigprocmask
  0.00    0.000000           0         1           getrlimit
  0.00    0.000000           0         3           brk
  0.00    0.000000           0         1           execve
  0.00    0.000000           0        14           mmap
  0.00    0.000000           0         1           mprotect
------ ----------- ----------- --------- --------- ----------------
100.00    0.633912                    65         7 total
**********--- 5 ---***********
% time     seconds  usecs/call     calls    errors syscall
------ ----------- ----------- --------- --------- ----------------
 98.49    0.624612      104102         6           read
  1.50    0.009544        4772         2           munmap
  0.00    0.000010           1         7           close
  0.00    0.000000           0         7         7 faccessat
  0.00    0.000000           0         7           openat
  0.00    0.000000           0         3           lseek
  0.00    0.000000           0         6           fstat
  0.00    0.000000           0         1           set_tid_address
  0.00    0.000000           0         2           futex
  0.00    0.000000           0         1           set_robust_list
  0.00    0.000000           0         2           rt_sigaction
  0.00    0.000000           0         1           rt_sigprocmask
  0.00    0.000000           0         1           getrlimit
  0.00    0.000000           0         3           brk
  0.00    0.000000           0         1           execve
  0.00    0.000000           0        14           mmap
  0.00    0.000000           0         1           mprotect
------ ----------- ----------- --------- --------- ----------------
100.00    0.634166                    65         7 total
**********--- 6 ---***********
% time     seconds  usecs/call     calls    errors syscall
------ ----------- ----------- --------- --------- ----------------
 98.49    0.625276      104213         6           read
  1.51    0.009591        4796         2           munmap
  0.00    0.000009           1         7           close
  0.00    0.000000           0         7         7 faccessat
  0.00    0.000000           0         7           openat
  0.00    0.000000           0         3           lseek
  0.00    0.000000           0         6           fstat
  0.00    0.000000           0         1           set_tid_address
  0.00    0.000000           0         2           futex
  0.00    0.000000           0         1           set_robust_list
  0.00    0.000000           0         2           rt_sigaction
  0.00    0.000000           0         1           rt_sigprocmask
  0.00    0.000000           0         1           getrlimit
  0.00    0.000000           0         3           brk
  0.00    0.000000           0         1           execve
  0.00    0.000000           0        14           mmap
  0.00    0.000000           0         1           mprotect
------ ----------- ----------- --------- --------- ----------------
100.00    0.634876                    65         7 total
**********--- 7 ---***********
% time     seconds  usecs/call     calls    errors syscall
------ ----------- ----------- --------- --------- ----------------
 98.49    0.625020      104170         6           read
  1.51    0.009571        4786         2           munmap
  0.00    0.000008           1         7           close
  0.00    0.000000           0         7         7 faccessat
  0.00    0.000000           0         7           openat
  0.00    0.000000           0         3           lseek
  0.00    0.000000           0         6           fstat
  0.00    0.000000           0         1           set_tid_address
  0.00    0.000000           0         2           futex
  0.00    0.000000           0         1           set_robust_list
  0.00    0.000000           0         2           rt_sigaction
  0.00    0.000000           0         1           rt_sigprocmask
  0.00    0.000000           0         1           getrlimit
  0.00    0.000000           0         3           brk
  0.00    0.000000           0         1           execve
  0.00    0.000000           0        14           mmap
  0.00    0.000000           0         1           mprotect
------ ----------- ----------- --------- --------- ----------------
100.00    0.634599                    65         7 total
**********--- 8 ---***********
% time     seconds  usecs/call     calls    errors syscall
------ ----------- ----------- --------- --------- ----------------
 98.50    0.623593      103932         6           read
  1.50    0.009505        4753         2           munmap
  0.00    0.000009           1         7           close
  0.00    0.000000           0         7         7 faccessat
  0.00    0.000000           0         7           openat
  0.00    0.000000           0         3           lseek
  0.00    0.000000           0         6           fstat
  0.00    0.000000           0         1           set_tid_address
  0.00    0.000000           0         2           futex
  0.00    0.000000           0         1           set_robust_list
  0.00    0.000000           0         2           rt_sigaction
  0.00    0.000000           0         1           rt_sigprocmask
  0.00    0.000000           0         1           getrlimit
  0.00    0.000000           0         3           brk
  0.00    0.000000           0         1           execve
  0.00    0.000000           0        14           mmap
  0.00    0.000000           0         1           mprotect
------ ----------- ----------- --------- --------- ----------------
100.00    0.633107                    65         7 total
**********--- 9 ---***********
% time     seconds  usecs/call     calls    errors syscall
------ ----------- ----------- --------- --------- ----------------
 98.49    0.623022      103837         6           read
  1.51    0.009540        4770         2           munmap
  0.00    0.000009           1         7           close
  0.00    0.000000           0         7         7 faccessat
  0.00    0.000000           0         7           openat
  0.00    0.000000           0         3           lseek
  0.00    0.000000           0         6           fstat
  0.00    0.000000           0         1           set_tid_address
  0.00    0.000000           0         2           futex
  0.00    0.000000           0         1           set_robust_list
  0.00    0.000000           0         2           rt_sigaction
  0.00    0.000000           0         1           rt_sigprocmask
  0.00    0.000000           0         1           getrlimit
  0.00    0.000000           0         3           brk
  0.00    0.000000           0         1           execve
  0.00    0.000000           0        14           mmap
  0.00    0.000000           0         1           mprotect
------ ----------- ----------- --------- --------- ----------------
100.00    0.632571                    65         7 total

=============================

