script: runMmap
date: 2018-05-08
iterations: 10
******************************

**********--- 0 ---***********
% time     seconds  usecs/call     calls    errors syscall
------ ----------- ----------- --------- --------- ----------------
 79.18    0.009335         667        14           mmap
 20.75    0.002446        1223         2           munmap
  0.07    0.000008           1         7           close
  0.00    0.000000           0         7         7 faccessat
  0.00    0.000000           0         7           openat
  0.00    0.000000           0         5           read
  0.00    0.000000           0         7           fstat
  0.00    0.000000           0         1           set_tid_address
  0.00    0.000000           0         2           futex
  0.00    0.000000           0         1           set_robust_list
  0.00    0.000000           0         2           rt_sigaction
  0.00    0.000000           0         1           rt_sigprocmask
  0.00    0.000000           0         1           getrlimit
  0.00    0.000000           0         3           brk
  0.00    0.000000           0         1           execve
  0.00    0.000000           0         1           mprotect
------ ----------- ----------- --------- --------- ----------------
100.00    0.011789                    62         7 total
**********--- 1 ---***********
% time     seconds  usecs/call     calls    errors syscall
------ ----------- ----------- --------- --------- ----------------
 75.00    0.007132         509        14           mmap
 24.92    0.002370        1185         2           munmap
  0.07    0.000007           1         7           close
  0.00    0.000000           0         7         7 faccessat
  0.00    0.000000           0         7           openat
  0.00    0.000000           0         5           read
  0.00    0.000000           0         7           fstat
  0.00    0.000000           0         1           set_tid_address
  0.00    0.000000           0         2           futex
  0.00    0.000000           0         1           set_robust_list
  0.00    0.000000           0         2           rt_sigaction
  0.00    0.000000           0         1           rt_sigprocmask
  0.00    0.000000           0         1           getrlimit
  0.00    0.000000           0         3           brk
  0.00    0.000000           0         1           execve
  0.00    0.000000           0         1           mprotect
------ ----------- ----------- --------- --------- ----------------
100.00    0.009509                    62         7 total
**********--- 2 ---***********
% time     seconds  usecs/call     calls    errors syscall
------ ----------- ----------- --------- --------- ----------------
 73.38    0.007229         516        14           mmap
 24.30    0.002394        1197         2           munmap
  0.52    0.000051           7         7           openat
  0.39    0.000038           5         7         7 faccessat
  0.31    0.000031           4         7           close
  0.22    0.000022           4         5           read
  0.22    0.000022           3         7           fstat
  0.12    0.000012           4         3           brk
  0.11    0.000011           6         2           futex
  0.11    0.000011           6         2           rt_sigaction
  0.09    0.000009           9         1           mprotect
  0.06    0.000006           6         1           getrlimit
  0.05    0.000005           5         1           set_tid_address
  0.05    0.000005           5         1           set_robust_list
  0.05    0.000005           5         1           rt_sigprocmask
  0.00    0.000000           0         1           execve
------ ----------- ----------- --------- --------- ----------------
100.00    0.009851                    62         7 total
**********--- 3 ---***********
% time     seconds  usecs/call     calls    errors syscall
------ ----------- ----------- --------- --------- ----------------
 74.74    0.007099         507        14           mmap
 25.16    0.002390        1195         2           munmap
  0.09    0.000009           1         7           close
  0.00    0.000000           0         7         7 faccessat
  0.00    0.000000           0         7           openat
  0.00    0.000000           0         5           read
  0.00    0.000000           0         7           fstat
  0.00    0.000000           0         1           set_tid_address
  0.00    0.000000           0         2           futex
  0.00    0.000000           0         1           set_robust_list
  0.00    0.000000           0         2           rt_sigaction
  0.00    0.000000           0         1           rt_sigprocmask
  0.00    0.000000           0         1           getrlimit
  0.00    0.000000           0         3           brk
  0.00    0.000000           0         1           execve
  0.00    0.000000           0         1           mprotect
------ ----------- ----------- --------- --------- ----------------
100.00    0.009498                    62         7 total
**********--- 4 ---***********
% time     seconds  usecs/call     calls    errors syscall
------ ----------- ----------- --------- --------- ----------------
 73.37    0.007165         512        14           mmap
 23.96    0.002340        1170         2           munmap
  0.62    0.000061           9         7           openat
  0.45    0.000044           6         7         7 faccessat
  0.36    0.000035           5         7           close
  0.29    0.000028           6         5           read
  0.29    0.000028           4         7           fstat
  0.13    0.000013           4         3           brk
  0.12    0.000012           6         2           futex
  0.10    0.000010           5         2           rt_sigaction
  0.10    0.000010          10         1           mprotect
  0.05    0.000005           5         1           set_robust_list
  0.05    0.000005           5         1           rt_sigprocmask
  0.05    0.000005           5         1           getrlimit
  0.04    0.000004           4         1           set_tid_address
  0.00    0.000000           0         1           execve
------ ----------- ----------- --------- --------- ----------------
100.00    0.009765                    62         7 total
**********--- 5 ---***********
% time     seconds  usecs/call     calls    errors syscall
------ ----------- ----------- --------- --------- ----------------
 74.99    0.007074         505        14           mmap
 24.91    0.002350        1175         2           munmap
  0.10    0.000009           1         7           close
  0.00    0.000000           0         7         7 faccessat
  0.00    0.000000           0         7           openat
  0.00    0.000000           0         5           read
  0.00    0.000000           0         7           fstat
  0.00    0.000000           0         1           set_tid_address
  0.00    0.000000           0         2           futex
  0.00    0.000000           0         1           set_robust_list
  0.00    0.000000           0         2           rt_sigaction
  0.00    0.000000           0         1           rt_sigprocmask
  0.00    0.000000           0         1           getrlimit
  0.00    0.000000           0         3           brk
  0.00    0.000000           0         1           execve
  0.00    0.000000           0         1           mprotect
------ ----------- ----------- --------- --------- ----------------
100.00    0.009433                    62         7 total
**********--- 6 ---***********
% time     seconds  usecs/call     calls    errors syscall
------ ----------- ----------- --------- --------- ----------------
 75.17    0.007056         504        14           mmap
 24.75    0.002323        1162         2           munmap
  0.09    0.000008           1         7           close
  0.00    0.000000           0         7         7 faccessat
  0.00    0.000000           0         7           openat
  0.00    0.000000           0         5           read
  0.00    0.000000           0         7           fstat
  0.00    0.000000           0         1           set_tid_address
  0.00    0.000000           0         2           futex
  0.00    0.000000           0         1           set_robust_list
  0.00    0.000000           0         2           rt_sigaction
  0.00    0.000000           0         1           rt_sigprocmask
  0.00    0.000000           0         1           getrlimit
  0.00    0.000000           0         3           brk
  0.00    0.000000           0         1           execve
  0.00    0.000000           0         1           mprotect
------ ----------- ----------- --------- --------- ----------------
100.00    0.009387                    62         7 total
**********--- 7 ---***********
% time     seconds  usecs/call     calls    errors syscall
------ ----------- ----------- --------- --------- ----------------
 75.04    0.007068         505        14           mmap
 24.89    0.002344        1172         2           munmap
  0.07    0.000007           1         7           close
  0.00    0.000000           0         7         7 faccessat
  0.00    0.000000           0         7           openat
  0.00    0.000000           0         5           read
  0.00    0.000000           0         7           fstat
  0.00    0.000000           0         1           set_tid_address
  0.00    0.000000           0         2           futex
  0.00    0.000000           0         1           set_robust_list
  0.00    0.000000           0         2           rt_sigaction
  0.00    0.000000           0         1           rt_sigprocmask
  0.00    0.000000           0         1           getrlimit
  0.00    0.000000           0         3           brk
  0.00    0.000000           0         1           execve
  0.00    0.000000           0         1           mprotect
------ ----------- ----------- --------- --------- ----------------
100.00    0.009419                    62         7 total
**********--- 8 ---***********
% time     seconds  usecs/call     calls    errors syscall
------ ----------- ----------- --------- --------- ----------------
 73.96    0.007070         505        14           mmap
 24.48    0.002340        1170         2           munmap
  0.29    0.000028           4         7           openat
  0.26    0.000025           4         7         7 faccessat
  0.14    0.000013           2         7           close
  0.13    0.000012           2         7           fstat
  0.13    0.000012           6         2           futex
  0.13    0.000012           4         3           brk
  0.12    0.000011           6         2           rt_sigaction
  0.09    0.000009           9         1           mprotect
  0.07    0.000007           1         5           read
  0.05    0.000005           5         1           set_tid_address
  0.05    0.000005           5         1           set_robust_list
  0.05    0.000005           5         1           rt_sigprocmask
  0.05    0.000005           5         1           getrlimit
  0.00    0.000000           0         1           execve
------ ----------- ----------- --------- --------- ----------------
100.00    0.009559                    62         7 total
**********--- 9 ---***********
% time     seconds  usecs/call     calls    errors syscall
------ ----------- ----------- --------- --------- ----------------
 74.99    0.007063         505        14           mmap
 24.92    0.002347        1174         2           munmap
  0.08    0.000008           1         7           close
  0.00    0.000000           0         7         7 faccessat
  0.00    0.000000           0         7           openat
  0.00    0.000000           0         5           read
  0.00    0.000000           0         7           fstat
  0.00    0.000000           0         1           set_tid_address
  0.00    0.000000           0         2           futex
  0.00    0.000000           0         1           set_robust_list
  0.00    0.000000           0         2           rt_sigaction
  0.00    0.000000           0         1           rt_sigprocmask
  0.00    0.000000           0         1           getrlimit
  0.00    0.000000           0         3           brk
  0.00    0.000000           0         1           execve
  0.00    0.000000           0         1           mprotect
------ ----------- ----------- --------- --------- ----------------
100.00    0.009418                    62         7 total

=============================

